2023-05-30 02:00:46,628 INFO    StreamThr :18552 [internal.py:wandb_internal():86] W&B internal server running at pid: 18552, started at: 2023-05-30 02:00:46.628493
2023-05-30 02:00:46,630 DEBUG   HandlerThread:18552 [handler.py:handle_request():144] handle_request: status
2023-05-30 02:00:46,638 INFO    WriterThread:18552 [datastore.py:open_for_write():85] open: /home/lazarev/disk/lazarev/study/nlp/Sentiment_ANALysis/wandb/run-20230530_020046-qz1nbgc6/run-qz1nbgc6.wandb
2023-05-30 02:00:46,638 DEBUG   SenderThread:18552 [sender.py:send():375] send: header
2023-05-30 02:00:46,750 DEBUG   SenderThread:18552 [sender.py:send():375] send: run
2023-05-30 02:00:47,195 DEBUG   HandlerThread:18552 [handler.py:handle_request():144] handle_request: check_version
2023-05-30 02:00:47,196 INFO    SenderThread:18552 [dir_watcher.py:__init__():219] watching files in: /home/lazarev/disk/lazarev/study/nlp/Sentiment_ANALysis/wandb/run-20230530_020046-qz1nbgc6/files
2023-05-30 02:00:47,196 INFO    SenderThread:18552 [sender.py:_start_run_threads():1124] run started: qz1nbgc6 with start time 1685401246.627723
2023-05-30 02:00:47,196 DEBUG   SenderThread:18552 [sender.py:send_request():402] send_request: summary_record
2023-05-30 02:00:47,196 INFO    SenderThread:18552 [sender.py:_save_file():1378] saving file wandb-summary.json with policy end
2023-05-30 02:00:47,196 DEBUG   SenderThread:18552 [sender.py:send_request():402] send_request: check_version
2023-05-30 02:00:47,365 DEBUG   HandlerThread:18552 [handler.py:handle_request():144] handle_request: run_start
2023-05-30 02:00:47,373 DEBUG   HandlerThread:18552 [system_info.py:__init__():31] System info init
2023-05-30 02:00:47,373 DEBUG   HandlerThread:18552 [system_info.py:__init__():46] System info init done
2023-05-30 02:00:47,373 INFO    HandlerThread:18552 [system_monitor.py:start():181] Starting system monitor
2023-05-30 02:00:47,373 INFO    SystemMonitor:18552 [system_monitor.py:_start():145] Starting system asset monitoring threads
2023-05-30 02:00:47,374 INFO    HandlerThread:18552 [system_monitor.py:probe():201] Collecting system info
2023-05-30 02:00:47,374 INFO    SystemMonitor:18552 [interfaces.py:start():190] Started cpu monitoring
2023-05-30 02:00:47,374 INFO    SystemMonitor:18552 [interfaces.py:start():190] Started disk monitoring
2023-05-30 02:00:47,376 INFO    SystemMonitor:18552 [interfaces.py:start():190] Started gpu monitoring
2023-05-30 02:00:47,376 INFO    SystemMonitor:18552 [interfaces.py:start():190] Started memory monitoring
2023-05-30 02:00:47,376 INFO    SystemMonitor:18552 [interfaces.py:start():190] Started network monitoring
2023-05-30 02:00:47,386 DEBUG   HandlerThread:18552 [system_info.py:probe():195] Probing system
2023-05-30 02:00:47,391 DEBUG   HandlerThread:18552 [system_info.py:_probe_git():180] Probing git
2023-05-30 02:00:47,402 DEBUG   HandlerThread:18552 [system_info.py:_probe_git():188] Probing git done
2023-05-30 02:00:47,402 DEBUG   HandlerThread:18552 [system_info.py:probe():240] Probing system done
2023-05-30 02:00:47,402 DEBUG   HandlerThread:18552 [system_monitor.py:probe():210] {'os': 'Linux-4.15.0-175-generic-x86_64-with-glibc2.27', 'python': '3.9.16', 'heartbeatAt': '2023-05-29T23:00:47.386187', 'startedAt': '2023-05-29T23:00:46.620613', 'docker': None, 'cuda': None, 'args': None, 'state': 'running', 'program': 'study/nlp/Sentiment_ANALysis/yet_enother_pipeline.ipynb', 'root': '/home/lazarev/disk/lazarev/study/nlp/Sentiment_ANALysis', 'git': {'remote': 'https://github.com/vladimir-laz/Sentiment_ANALysis.git', 'commit': 'ffeb98a2837b444bb4984f3fdf15e7093a61e9fc'}, 'email': 'vladimir.lazarev.99@gmail.com', 'host': 'Crystal-NMD-Budennyy', 'username': 'lazarev', 'executable': '/home/lazarev/disk/lazarev/miniconda3/envs/ftcp/bin/python', 'cpu_count': 4, 'cpu_count_logical': 8, 'cpu_freq': {'current': 2600.0, 'min': 0.0, 'max': 0.0}, 'cpu_freq_per_core': [{'current': 2600.0, 'min': 0.0, 'max': 0.0}, {'current': 2600.0, 'min': 0.0, 'max': 0.0}, {'current': 2600.0, 'min': 0.0, 'max': 0.0}, {'current': 2600.0, 'min': 0.0, 'max': 0.0}, {'current': 2600.0, 'min': 0.0, 'max': 0.0}, {'current': 2600.0, 'min': 0.0, 'max': 0.0}, {'current': 2600.0, 'min': 0.0, 'max': 0.0}, {'current': 2600.0, 'min': 0.0, 'max': 0.0}], 'disk': {'total': 98.36709976196289, 'used': 93.5922622680664}, 'gpu': 'Tesla V100-PCIE-32GB', 'gpu_count': 1, 'gpu_devices': [{'name': 'Tesla V100-PCIE-32GB', 'memory_total': 34359738368}], 'memory': {'total': 62.91292190551758}}
2023-05-30 02:00:47,402 INFO    HandlerThread:18552 [system_monitor.py:probe():211] Finished collecting system info
2023-05-30 02:00:47,402 INFO    HandlerThread:18552 [system_monitor.py:probe():214] Publishing system info
2023-05-30 02:00:47,402 DEBUG   HandlerThread:18552 [system_info.py:_save_pip():51] Saving list of pip packages installed into the current environment
2023-05-30 02:00:47,403 DEBUG   HandlerThread:18552 [system_info.py:_save_pip():67] Saving pip packages done
2023-05-30 02:00:47,403 DEBUG   HandlerThread:18552 [system_info.py:_save_conda():74] Saving list of conda packages installed into the current environment
2023-05-30 02:00:48,198 INFO    Thread-12 :18552 [dir_watcher.py:_on_file_created():278] file/dir created: /home/lazarev/disk/lazarev/study/nlp/Sentiment_ANALysis/wandb/run-20230530_020046-qz1nbgc6/files/requirements.txt
2023-05-30 02:00:48,198 INFO    Thread-12 :18552 [dir_watcher.py:_on_file_created():278] file/dir created: /home/lazarev/disk/lazarev/study/nlp/Sentiment_ANALysis/wandb/run-20230530_020046-qz1nbgc6/files/wandb-summary.json
2023-05-30 02:00:48,198 INFO    Thread-12 :18552 [dir_watcher.py:_on_file_created():278] file/dir created: /home/lazarev/disk/lazarev/study/nlp/Sentiment_ANALysis/wandb/run-20230530_020046-qz1nbgc6/files/conda-environment.yaml
2023-05-30 02:00:52,529 DEBUG   HandlerThread:18552 [system_info.py:_save_conda():86] Saving conda packages done
2023-05-30 02:00:52,530 INFO    HandlerThread:18552 [system_monitor.py:probe():216] Finished publishing system info
2023-05-30 02:00:52,535 DEBUG   HandlerThread:18552 [handler.py:handle_request():144] handle_request: status_report
2023-05-30 02:00:52,535 DEBUG   HandlerThread:18552 [handler.py:handle_request():144] handle_request: keepalive
2023-05-30 02:00:52,535 DEBUG   SenderThread:18552 [sender.py:send():375] send: files
2023-05-30 02:00:52,536 INFO    SenderThread:18552 [sender.py:_save_file():1378] saving file wandb-metadata.json with policy now
2023-05-30 02:00:52,546 DEBUG   HandlerThread:18552 [handler.py:handle_request():144] handle_request: stop_status
2023-05-30 02:00:52,546 DEBUG   SenderThread:18552 [sender.py:send_request():402] send_request: stop_status
2023-05-30 02:00:52,765 DEBUG   SenderThread:18552 [sender.py:send():375] send: telemetry
2023-05-30 02:00:52,765 DEBUG   SenderThread:18552 [sender.py:send():375] send: config
2023-05-30 02:00:52,767 DEBUG   SenderThread:18552 [sender.py:send():375] send: metric
2023-05-30 02:00:52,767 DEBUG   SenderThread:18552 [sender.py:send():375] send: telemetry
2023-05-30 02:00:52,767 DEBUG   SenderThread:18552 [sender.py:send():375] send: metric
2023-05-30 02:00:52,767 WARNING SenderThread:18552 [sender.py:send_metric():1329] Seen metric with glob (shouldn't happen)
2023-05-30 02:00:52,767 DEBUG   SenderThread:18552 [sender.py:send():375] send: telemetry
2023-05-30 02:00:53,124 INFO    wandb-upload_0:18552 [upload_job.py:push():137] Uploaded file /tmp/tmp38rrl5sbwandb/x94hb9p3-wandb-metadata.json
2023-05-30 02:00:53,200 INFO    Thread-12 :18552 [dir_watcher.py:_on_file_modified():295] file/dir modified: /home/lazarev/disk/lazarev/study/nlp/Sentiment_ANALysis/wandb/run-20230530_020046-qz1nbgc6/files/conda-environment.yaml
2023-05-30 02:00:53,200 INFO    Thread-12 :18552 [dir_watcher.py:_on_file_created():278] file/dir created: /home/lazarev/disk/lazarev/study/nlp/Sentiment_ANALysis/wandb/run-20230530_020046-qz1nbgc6/files/wandb-metadata.json
2023-05-30 02:00:53,200 INFO    Thread-12 :18552 [dir_watcher.py:_on_file_created():278] file/dir created: /home/lazarev/disk/lazarev/study/nlp/Sentiment_ANALysis/wandb/run-20230530_020046-qz1nbgc6/files/output.log
2023-05-30 02:00:53,340 DEBUG   HandlerThread:18552 [handler.py:handle_request():144] handle_request: partial_history
2023-05-30 02:00:53,343 DEBUG   SenderThread:18552 [sender.py:send():375] send: metric
2023-05-30 02:00:53,343 DEBUG   SenderThread:18552 [sender.py:send():375] send: metric
2023-05-30 02:00:53,343 DEBUG   SenderThread:18552 [sender.py:send():375] send: metric
2023-05-30 02:00:53,343 DEBUG   SenderThread:18552 [sender.py:send():375] send: history
2023-05-30 02:00:53,343 DEBUG   SenderThread:18552 [sender.py:send_request():402] send_request: summary_record
2023-05-30 02:00:53,345 INFO    SenderThread:18552 [sender.py:_save_file():1378] saving file wandb-summary.json with policy end
2023-05-30 02:00:54,200 INFO    Thread-12 :18552 [dir_watcher.py:_on_file_modified():295] file/dir modified: /home/lazarev/disk/lazarev/study/nlp/Sentiment_ANALysis/wandb/run-20230530_020046-qz1nbgc6/files/wandb-summary.json
2023-05-30 02:00:54,792 DEBUG   HandlerThread:18552 [handler.py:handle_request():144] handle_request: partial_history
2023-05-30 02:00:54,794 DEBUG   SenderThread:18552 [sender.py:send():375] send: metric
2023-05-30 02:00:54,795 DEBUG   SenderThread:18552 [sender.py:send():375] send: metric
2023-05-30 02:00:54,795 DEBUG   SenderThread:18552 [sender.py:send():375] send: metric
2023-05-30 02:00:54,795 DEBUG   SenderThread:18552 [sender.py:send():375] send: metric
2023-05-30 02:00:54,795 DEBUG   SenderThread:18552 [sender.py:send():375] send: metric
2023-05-30 02:00:54,795 DEBUG   SenderThread:18552 [sender.py:send():375] send: metric
2023-05-30 02:00:54,795 DEBUG   SenderThread:18552 [sender.py:send():375] send: metric
2023-05-30 02:00:54,795 DEBUG   SenderThread:18552 [sender.py:send():375] send: metric
2023-05-30 02:00:54,795 DEBUG   SenderThread:18552 [sender.py:send():375] send: history
2023-05-30 02:00:54,795 DEBUG   SenderThread:18552 [sender.py:send_request():402] send_request: summary_record
2023-05-30 02:00:54,795 INFO    SenderThread:18552 [sender.py:_save_file():1378] saving file wandb-summary.json with policy end
2023-05-30 02:00:55,070 DEBUG   HandlerThread:18552 [handler.py:handle_request():144] handle_request: partial_history
2023-05-30 02:00:55,071 DEBUG   SenderThread:18552 [sender.py:send():375] send: history
2023-05-30 02:00:55,071 DEBUG   SenderThread:18552 [sender.py:send_request():402] send_request: summary_record
2023-05-30 02:00:55,072 INFO    SenderThread:18552 [sender.py:_save_file():1378] saving file wandb-summary.json with policy end
2023-05-30 02:00:55,200 INFO    Thread-12 :18552 [dir_watcher.py:_on_file_modified():295] file/dir modified: /home/lazarev/disk/lazarev/study/nlp/Sentiment_ANALysis/wandb/run-20230530_020046-qz1nbgc6/files/wandb-summary.json
2023-05-30 02:00:55,201 INFO    Thread-12 :18552 [dir_watcher.py:_on_file_modified():295] file/dir modified: /home/lazarev/disk/lazarev/study/nlp/Sentiment_ANALysis/wandb/run-20230530_020046-qz1nbgc6/files/output.log
2023-05-30 02:00:56,511 DEBUG   HandlerThread:18552 [handler.py:handle_request():144] handle_request: partial_history
2023-05-30 02:00:56,512 DEBUG   SenderThread:18552 [sender.py:send():375] send: history
2023-05-30 02:00:56,512 DEBUG   SenderThread:18552 [sender.py:send_request():402] send_request: summary_record
2023-05-30 02:00:56,514 INFO    SenderThread:18552 [sender.py:_save_file():1378] saving file wandb-summary.json with policy end
2023-05-30 02:00:56,789 DEBUG   HandlerThread:18552 [handler.py:handle_request():144] handle_request: partial_history
2023-05-30 02:00:56,791 DEBUG   SenderThread:18552 [sender.py:send():375] send: history
2023-05-30 02:00:56,791 DEBUG   SenderThread:18552 [sender.py:send_request():402] send_request: summary_record
2023-05-30 02:00:56,792 INFO    SenderThread:18552 [sender.py:_save_file():1378] saving file wandb-summary.json with policy end
2023-05-30 02:00:57,201 INFO    Thread-12 :18552 [dir_watcher.py:_on_file_modified():295] file/dir modified: /home/lazarev/disk/lazarev/study/nlp/Sentiment_ANALysis/wandb/run-20230530_020046-qz1nbgc6/files/wandb-summary.json
2023-05-30 02:00:57,201 INFO    Thread-12 :18552 [dir_watcher.py:_on_file_modified():295] file/dir modified: /home/lazarev/disk/lazarev/study/nlp/Sentiment_ANALysis/wandb/run-20230530_020046-qz1nbgc6/files/output.log
2023-05-30 02:00:57,799 DEBUG   HandlerThread:18552 [handler.py:handle_request():144] handle_request: status_report
2023-05-30 02:00:58,235 DEBUG   HandlerThread:18552 [handler.py:handle_request():144] handle_request: partial_history
2023-05-30 02:00:58,236 DEBUG   SenderThread:18552 [sender.py:send():375] send: history
2023-05-30 02:00:58,237 DEBUG   SenderThread:18552 [sender.py:send_request():402] send_request: summary_record
2023-05-30 02:00:58,237 INFO    SenderThread:18552 [sender.py:_save_file():1378] saving file wandb-summary.json with policy end
2023-05-30 02:00:58,509 DEBUG   HandlerThread:18552 [handler.py:handle_request():144] handle_request: partial_history
2023-05-30 02:00:58,510 DEBUG   SenderThread:18552 [sender.py:send():375] send: history
2023-05-30 02:00:58,510 DEBUG   SenderThread:18552 [sender.py:send_request():402] send_request: summary_record
2023-05-30 02:00:58,511 INFO    SenderThread:18552 [sender.py:_save_file():1378] saving file wandb-summary.json with policy end
2023-05-30 02:00:59,202 INFO    Thread-12 :18552 [dir_watcher.py:_on_file_modified():295] file/dir modified: /home/lazarev/disk/lazarev/study/nlp/Sentiment_ANALysis/wandb/run-20230530_020046-qz1nbgc6/files/wandb-summary.json
2023-05-30 02:00:59,202 INFO    Thread-12 :18552 [dir_watcher.py:_on_file_modified():295] file/dir modified: /home/lazarev/disk/lazarev/study/nlp/Sentiment_ANALysis/wandb/run-20230530_020046-qz1nbgc6/files/output.log
2023-05-30 02:00:59,947 DEBUG   HandlerThread:18552 [handler.py:handle_request():144] handle_request: partial_history
2023-05-30 02:00:59,948 DEBUG   SenderThread:18552 [sender.py:send():375] send: history
2023-05-30 02:00:59,948 DEBUG   SenderThread:18552 [sender.py:send_request():402] send_request: summary_record
2023-05-30 02:00:59,948 INFO    SenderThread:18552 [sender.py:_save_file():1378] saving file wandb-summary.json with policy end
2023-05-30 02:01:00,202 INFO    Thread-12 :18552 [dir_watcher.py:_on_file_modified():295] file/dir modified: /home/lazarev/disk/lazarev/study/nlp/Sentiment_ANALysis/wandb/run-20230530_020046-qz1nbgc6/files/wandb-summary.json
2023-05-30 02:01:00,223 DEBUG   HandlerThread:18552 [handler.py:handle_request():144] handle_request: partial_history
2023-05-30 02:01:00,224 DEBUG   SenderThread:18552 [sender.py:send():375] send: history
2023-05-30 02:01:00,225 DEBUG   SenderThread:18552 [sender.py:send_request():402] send_request: summary_record
2023-05-30 02:01:00,225 INFO    SenderThread:18552 [sender.py:_save_file():1378] saving file wandb-summary.json with policy end
2023-05-30 02:01:01,202 INFO    Thread-12 :18552 [dir_watcher.py:_on_file_modified():295] file/dir modified: /home/lazarev/disk/lazarev/study/nlp/Sentiment_ANALysis/wandb/run-20230530_020046-qz1nbgc6/files/wandb-summary.json
2023-05-30 02:01:01,203 INFO    Thread-12 :18552 [dir_watcher.py:_on_file_modified():295] file/dir modified: /home/lazarev/disk/lazarev/study/nlp/Sentiment_ANALysis/wandb/run-20230530_020046-qz1nbgc6/files/output.log
2023-05-30 02:01:01,658 DEBUG   HandlerThread:18552 [handler.py:handle_request():144] handle_request: partial_history
2023-05-30 02:01:01,660 DEBUG   SenderThread:18552 [sender.py:send():375] send: history
2023-05-30 02:01:01,660 DEBUG   SenderThread:18552 [sender.py:send_request():402] send_request: summary_record
2023-05-30 02:01:01,660 INFO    SenderThread:18552 [sender.py:_save_file():1378] saving file wandb-summary.json with policy end
2023-05-30 02:01:01,932 DEBUG   HandlerThread:18552 [handler.py:handle_request():144] handle_request: partial_history
2023-05-30 02:01:01,934 DEBUG   SenderThread:18552 [sender.py:send():375] send: history
2023-05-30 02:01:01,934 DEBUG   SenderThread:18552 [sender.py:send_request():402] send_request: summary_record
2023-05-30 02:01:01,935 INFO    SenderThread:18552 [sender.py:_save_file():1378] saving file wandb-summary.json with policy end
2023-05-30 02:01:02,203 INFO    Thread-12 :18552 [dir_watcher.py:_on_file_modified():295] file/dir modified: /home/lazarev/disk/lazarev/study/nlp/Sentiment_ANALysis/wandb/run-20230530_020046-qz1nbgc6/files/wandb-summary.json
2023-05-30 02:01:02,942 DEBUG   HandlerThread:18552 [handler.py:handle_request():144] handle_request: status_report
2023-05-30 02:01:03,203 INFO    Thread-12 :18552 [dir_watcher.py:_on_file_modified():295] file/dir modified: /home/lazarev/disk/lazarev/study/nlp/Sentiment_ANALysis/wandb/run-20230530_020046-qz1nbgc6/files/output.log
2023-05-30 02:01:03,367 DEBUG   HandlerThread:18552 [handler.py:handle_request():144] handle_request: partial_history
2023-05-30 02:01:03,368 DEBUG   SenderThread:18552 [sender.py:send():375] send: history
2023-05-30 02:01:03,369 DEBUG   SenderThread:18552 [sender.py:send_request():402] send_request: summary_record
2023-05-30 02:01:03,369 INFO    SenderThread:18552 [sender.py:_save_file():1378] saving file wandb-summary.json with policy end
2023-05-30 02:01:03,641 DEBUG   HandlerThread:18552 [handler.py:handle_request():144] handle_request: partial_history
2023-05-30 02:01:03,642 DEBUG   SenderThread:18552 [sender.py:send():375] send: history
2023-05-30 02:01:03,642 DEBUG   SenderThread:18552 [sender.py:send_request():402] send_request: summary_record
2023-05-30 02:01:03,643 INFO    SenderThread:18552 [sender.py:_save_file():1378] saving file wandb-summary.json with policy end
2023-05-30 02:01:04,203 INFO    Thread-12 :18552 [dir_watcher.py:_on_file_modified():295] file/dir modified: /home/lazarev/disk/lazarev/study/nlp/Sentiment_ANALysis/wandb/run-20230530_020046-qz1nbgc6/files/wandb-summary.json
2023-05-30 02:01:05,074 DEBUG   HandlerThread:18552 [handler.py:handle_request():144] handle_request: partial_history
2023-05-30 02:01:05,076 DEBUG   SenderThread:18552 [sender.py:send():375] send: history
2023-05-30 02:01:05,076 DEBUG   SenderThread:18552 [sender.py:send_request():402] send_request: summary_record
2023-05-30 02:01:05,076 INFO    SenderThread:18552 [sender.py:_save_file():1378] saving file wandb-summary.json with policy end
2023-05-30 02:01:05,204 INFO    Thread-12 :18552 [dir_watcher.py:_on_file_modified():295] file/dir modified: /home/lazarev/disk/lazarev/study/nlp/Sentiment_ANALysis/wandb/run-20230530_020046-qz1nbgc6/files/wandb-summary.json
2023-05-30 02:01:05,204 INFO    Thread-12 :18552 [dir_watcher.py:_on_file_modified():295] file/dir modified: /home/lazarev/disk/lazarev/study/nlp/Sentiment_ANALysis/wandb/run-20230530_020046-qz1nbgc6/files/output.log
2023-05-30 02:01:05,344 DEBUG   HandlerThread:18552 [handler.py:handle_request():144] handle_request: partial_history
2023-05-30 02:01:05,345 DEBUG   SenderThread:18552 [sender.py:send():375] send: history
2023-05-30 02:01:05,345 DEBUG   SenderThread:18552 [sender.py:send_request():402] send_request: summary_record
2023-05-30 02:01:05,346 INFO    SenderThread:18552 [sender.py:_save_file():1378] saving file wandb-summary.json with policy end
2023-05-30 02:01:06,204 INFO    Thread-12 :18552 [dir_watcher.py:_on_file_modified():295] file/dir modified: /home/lazarev/disk/lazarev/study/nlp/Sentiment_ANALysis/wandb/run-20230530_020046-qz1nbgc6/files/wandb-summary.json
2023-05-30 02:01:06,779 DEBUG   HandlerThread:18552 [handler.py:handle_request():144] handle_request: partial_history
2023-05-30 02:01:06,780 DEBUG   SenderThread:18552 [sender.py:send():375] send: history
2023-05-30 02:01:06,780 DEBUG   SenderThread:18552 [sender.py:send_request():402] send_request: summary_record
2023-05-30 02:01:06,780 INFO    SenderThread:18552 [sender.py:_save_file():1378] saving file wandb-summary.json with policy end
2023-05-30 02:01:07,048 DEBUG   HandlerThread:18552 [handler.py:handle_request():144] handle_request: partial_history
2023-05-30 02:01:07,049 DEBUG   SenderThread:18552 [sender.py:send():375] send: history
2023-05-30 02:01:07,050 DEBUG   SenderThread:18552 [sender.py:send_request():402] send_request: summary_record
2023-05-30 02:01:07,050 INFO    SenderThread:18552 [sender.py:_save_file():1378] saving file wandb-summary.json with policy end
2023-05-30 02:01:07,204 INFO    Thread-12 :18552 [dir_watcher.py:_on_file_modified():295] file/dir modified: /home/lazarev/disk/lazarev/study/nlp/Sentiment_ANALysis/wandb/run-20230530_020046-qz1nbgc6/files/wandb-summary.json
2023-05-30 02:01:07,204 INFO    Thread-12 :18552 [dir_watcher.py:_on_file_modified():295] file/dir modified: /home/lazarev/disk/lazarev/study/nlp/Sentiment_ANALysis/wandb/run-20230530_020046-qz1nbgc6/files/output.log
2023-05-30 02:01:07,546 DEBUG   HandlerThread:18552 [handler.py:handle_request():144] handle_request: stop_status
2023-05-30 02:01:07,546 DEBUG   SenderThread:18552 [sender.py:send_request():402] send_request: stop_status
2023-05-30 02:01:08,509 DEBUG   HandlerThread:18552 [handler.py:handle_request():144] handle_request: partial_history
2023-05-30 02:01:08,510 DEBUG   SenderThread:18552 [sender.py:send():375] send: history
2023-05-30 02:01:08,511 DEBUG   SenderThread:18552 [sender.py:send_request():402] send_request: summary_record
2023-05-30 02:01:08,511 DEBUG   HandlerThread:18552 [handler.py:handle_request():144] handle_request: status_report
2023-05-30 02:01:08,511 INFO    SenderThread:18552 [sender.py:_save_file():1378] saving file wandb-summary.json with policy end
2023-05-30 02:01:08,769 DEBUG   HandlerThread:18552 [handler.py:handle_request():144] handle_request: partial_history
2023-05-30 02:01:08,770 DEBUG   HandlerThread:18552 [handler.py:handle_request():144] handle_request: partial_history
2023-05-30 02:01:08,771 DEBUG   HandlerThread:18552 [handler.py:handle_request():144] handle_request: partial_history
2023-05-30 02:01:08,772 DEBUG   HandlerThread:18552 [handler.py:handle_request():144] handle_request: partial_history
2023-05-30 02:01:08,773 DEBUG   HandlerThread:18552 [handler.py:handle_request():144] handle_request: partial_history
2023-05-30 02:01:08,773 DEBUG   HandlerThread:18552 [handler.py:handle_request():144] handle_request: partial_history
2023-05-30 02:01:08,776 DEBUG   HandlerThread:18552 [handler.py:handle_request():144] handle_request: partial_history
2023-05-30 02:01:08,777 DEBUG   HandlerThread:18552 [handler.py:handle_request():144] handle_request: partial_history
2023-05-30 02:01:08,779 DEBUG   HandlerThread:18552 [handler.py:handle_request():144] handle_request: partial_history
2023-05-30 02:01:08,780 DEBUG   HandlerThread:18552 [handler.py:handle_request():144] handle_request: partial_history
2023-05-30 02:01:08,781 DEBUG   HandlerThread:18552 [handler.py:handle_request():144] handle_request: partial_history
2023-05-30 02:01:08,782 DEBUG   HandlerThread:18552 [handler.py:handle_request():144] handle_request: partial_history
2023-05-30 02:01:08,783 DEBUG   HandlerThread:18552 [handler.py:handle_request():144] handle_request: partial_history
2023-05-30 02:01:08,784 DEBUG   HandlerThread:18552 [handler.py:handle_request():144] handle_request: partial_history
2023-05-30 02:01:08,787 DEBUG   HandlerThread:18552 [handler.py:handle_request():144] handle_request: partial_history
2023-05-30 02:01:08,787 DEBUG   HandlerThread:18552 [handler.py:handle_request():144] handle_request: partial_history
2023-05-30 02:01:08,789 DEBUG   HandlerThread:18552 [handler.py:handle_request():144] handle_request: partial_history
2023-05-30 02:01:08,789 DEBUG   HandlerThread:18552 [handler.py:handle_request():144] handle_request: partial_history
2023-05-30 02:01:08,791 DEBUG   HandlerThread:18552 [handler.py:handle_request():144] handle_request: partial_history
2023-05-30 02:01:08,791 DEBUG   HandlerThread:18552 [handler.py:handle_request():144] handle_request: partial_history
2023-05-30 02:01:08,792 DEBUG   HandlerThread:18552 [handler.py:handle_request():144] handle_request: partial_history
2023-05-30 02:01:08,793 DEBUG   HandlerThread:18552 [handler.py:handle_request():144] handle_request: partial_history
2023-05-30 02:01:08,794 DEBUG   HandlerThread:18552 [handler.py:handle_request():144] handle_request: partial_history
2023-05-30 02:01:08,795 DEBUG   HandlerThread:18552 [handler.py:handle_request():144] handle_request: partial_history
2023-05-30 02:01:08,799 DEBUG   HandlerThread:18552 [handler.py:handle_request():144] handle_request: partial_history
2023-05-30 02:01:08,806 DEBUG   HandlerThread:18552 [handler.py:handle_request():144] handle_request: partial_history
2023-05-30 02:01:08,818 DEBUG   SenderThread:18552 [sender.py:send():375] send: metric
2023-05-30 02:01:08,818 DEBUG   SenderThread:18552 [sender.py:send():375] send: metric
2023-05-30 02:01:08,819 DEBUG   SenderThread:18552 [sender.py:send():375] send: metric
2023-05-30 02:01:08,819 DEBUG   SenderThread:18552 [sender.py:send():375] send: metric
2023-05-30 02:01:08,819 DEBUG   SenderThread:18552 [sender.py:send():375] send: metric
2023-05-30 02:01:08,819 DEBUG   SenderThread:18552 [sender.py:send():375] send: metric
2023-05-30 02:01:08,819 DEBUG   SenderThread:18552 [sender.py:send():375] send: metric
2023-05-30 02:01:08,819 DEBUG   SenderThread:18552 [sender.py:send():375] send: metric
2023-05-30 02:01:08,819 DEBUG   SenderThread:18552 [sender.py:send():375] send: metric
2023-05-30 02:01:08,819 DEBUG   SenderThread:18552 [sender.py:send():375] send: metric
2023-05-30 02:01:08,819 DEBUG   SenderThread:18552 [sender.py:send():375] send: metric
2023-05-30 02:01:08,819 DEBUG   SenderThread:18552 [sender.py:send():375] send: metric
2023-05-30 02:01:08,819 DEBUG   SenderThread:18552 [sender.py:send():375] send: metric
2023-05-30 02:01:08,819 DEBUG   SenderThread:18552 [sender.py:send():375] send: metric
2023-05-30 02:01:08,819 DEBUG   SenderThread:18552 [sender.py:send():375] send: metric
2023-05-30 02:01:08,819 DEBUG   SenderThread:18552 [sender.py:send():375] send: metric
2023-05-30 02:01:08,819 DEBUG   SenderThread:18552 [sender.py:send():375] send: metric
2023-05-30 02:01:08,819 DEBUG   SenderThread:18552 [sender.py:send():375] send: metric
2023-05-30 02:01:08,820 DEBUG   SenderThread:18552 [sender.py:send():375] send: metric
2023-05-30 02:01:08,820 DEBUG   SenderThread:18552 [sender.py:send():375] send: metric
2023-05-30 02:01:08,820 DEBUG   SenderThread:18552 [sender.py:send():375] send: metric
2023-05-30 02:01:08,820 DEBUG   SenderThread:18552 [sender.py:send():375] send: metric
2023-05-30 02:01:08,820 DEBUG   SenderThread:18552 [sender.py:send():375] send: metric
2023-05-30 02:01:08,820 DEBUG   SenderThread:18552 [sender.py:send():375] send: metric
2023-05-30 02:01:08,820 DEBUG   SenderThread:18552 [sender.py:send():375] send: metric
2023-05-30 02:01:08,820 DEBUG   SenderThread:18552 [sender.py:send():375] send: metric
2023-05-30 02:01:08,820 DEBUG   SenderThread:18552 [sender.py:send():375] send: metric
2023-05-30 02:01:08,820 DEBUG   SenderThread:18552 [sender.py:send():375] send: metric
2023-05-30 02:01:08,820 DEBUG   SenderThread:18552 [sender.py:send():375] send: metric
2023-05-30 02:01:08,820 DEBUG   SenderThread:18552 [sender.py:send():375] send: metric
2023-05-30 02:01:08,820 DEBUG   SenderThread:18552 [sender.py:send():375] send: metric
2023-05-30 02:01:08,820 DEBUG   SenderThread:18552 [sender.py:send():375] send: metric
2023-05-30 02:01:08,820 DEBUG   SenderThread:18552 [sender.py:send():375] send: metric
2023-05-30 02:01:08,820 DEBUG   SenderThread:18552 [sender.py:send():375] send: metric
2023-05-30 02:01:08,820 DEBUG   SenderThread:18552 [sender.py:send():375] send: metric
2023-05-30 02:01:08,820 DEBUG   SenderThread:18552 [sender.py:send():375] send: metric
2023-05-30 02:01:08,821 DEBUG   SenderThread:18552 [sender.py:send():375] send: metric
2023-05-30 02:01:08,821 DEBUG   SenderThread:18552 [sender.py:send():375] send: metric
2023-05-30 02:01:08,821 DEBUG   SenderThread:18552 [sender.py:send():375] send: metric
2023-05-30 02:01:08,821 DEBUG   SenderThread:18552 [sender.py:send():375] send: metric
2023-05-30 02:01:08,821 DEBUG   SenderThread:18552 [sender.py:send():375] send: metric
2023-05-30 02:01:08,821 DEBUG   SenderThread:18552 [sender.py:send():375] send: metric
2023-05-30 02:01:08,821 DEBUG   SenderThread:18552 [sender.py:send():375] send: metric
2023-05-30 02:01:08,821 DEBUG   SenderThread:18552 [sender.py:send():375] send: metric
2023-05-30 02:01:08,821 DEBUG   SenderThread:18552 [sender.py:send():375] send: metric
2023-05-30 02:01:08,821 DEBUG   SenderThread:18552 [sender.py:send():375] send: metric
2023-05-30 02:01:08,821 DEBUG   SenderThread:18552 [sender.py:send():375] send: metric
2023-05-30 02:01:08,821 DEBUG   SenderThread:18552 [sender.py:send():375] send: metric
2023-05-30 02:01:08,821 DEBUG   SenderThread:18552 [sender.py:send():375] send: metric
2023-05-30 02:01:08,822 DEBUG   SenderThread:18552 [sender.py:send():375] send: metric
2023-05-30 02:01:08,822 DEBUG   SenderThread:18552 [sender.py:send():375] send: metric
2023-05-30 02:01:08,822 DEBUG   SenderThread:18552 [sender.py:send():375] send: metric
2023-05-30 02:01:08,822 DEBUG   SenderThread:18552 [sender.py:send():375] send: metric
2023-05-30 02:01:08,822 DEBUG   SenderThread:18552 [sender.py:send():375] send: metric
2023-05-30 02:01:08,822 DEBUG   SenderThread:18552 [sender.py:send():375] send: metric
2023-05-30 02:01:08,823 DEBUG   SenderThread:18552 [sender.py:send():375] send: metric
2023-05-30 02:01:08,823 DEBUG   SenderThread:18552 [sender.py:send():375] send: metric
2023-05-30 02:01:08,823 DEBUG   SenderThread:18552 [sender.py:send():375] send: metric
2023-05-30 02:01:08,823 DEBUG   SenderThread:18552 [sender.py:send():375] send: metric
2023-05-30 02:01:08,823 DEBUG   SenderThread:18552 [sender.py:send():375] send: metric
2023-05-30 02:01:08,823 DEBUG   SenderThread:18552 [sender.py:send():375] send: metric
2023-05-30 02:01:08,823 DEBUG   SenderThread:18552 [sender.py:send():375] send: metric
2023-05-30 02:01:08,823 DEBUG   SenderThread:18552 [sender.py:send():375] send: metric
2023-05-30 02:01:08,823 DEBUG   SenderThread:18552 [sender.py:send():375] send: metric
2023-05-30 02:01:08,823 DEBUG   SenderThread:18552 [sender.py:send():375] send: metric
2023-05-30 02:01:08,823 DEBUG   SenderThread:18552 [sender.py:send():375] send: metric
2023-05-30 02:01:08,823 DEBUG   SenderThread:18552 [sender.py:send():375] send: metric
2023-05-30 02:01:08,823 DEBUG   SenderThread:18552 [sender.py:send():375] send: metric
2023-05-30 02:01:08,823 DEBUG   SenderThread:18552 [sender.py:send():375] send: metric
2023-05-30 02:01:08,823 DEBUG   SenderThread:18552 [sender.py:send():375] send: metric
2023-05-30 02:01:08,823 DEBUG   SenderThread:18552 [sender.py:send():375] send: metric
2023-05-30 02:01:08,823 DEBUG   SenderThread:18552 [sender.py:send():375] send: metric
2023-05-30 02:01:08,823 DEBUG   SenderThread:18552 [sender.py:send():375] send: metric
2023-05-30 02:01:08,823 DEBUG   SenderThread:18552 [sender.py:send():375] send: metric
2023-05-30 02:01:08,824 DEBUG   SenderThread:18552 [sender.py:send():375] send: metric
2023-05-30 02:01:08,831 DEBUG   SenderThread:18552 [sender.py:send():375] send: history
2023-05-30 02:01:08,833 DEBUG   SenderThread:18552 [sender.py:send_request():402] send_request: summary_record
2023-05-30 02:01:08,836 INFO    SenderThread:18552 [sender.py:_save_file():1378] saving file wandb-summary.json with policy end
2023-05-30 02:01:09,205 INFO    Thread-12 :18552 [dir_watcher.py:_on_file_modified():295] file/dir modified: /home/lazarev/disk/lazarev/study/nlp/Sentiment_ANALysis/wandb/run-20230530_020046-qz1nbgc6/files/wandb-summary.json
2023-05-30 02:01:09,205 INFO    Thread-12 :18552 [dir_watcher.py:_on_file_modified():295] file/dir modified: /home/lazarev/disk/lazarev/study/nlp/Sentiment_ANALysis/wandb/run-20230530_020046-qz1nbgc6/files/output.log
2023-05-30 02:01:10,258 DEBUG   HandlerThread:18552 [handler.py:handle_request():144] handle_request: partial_history
2023-05-30 02:01:10,259 DEBUG   SenderThread:18552 [sender.py:send():375] send: history
2023-05-30 02:01:10,259 DEBUG   SenderThread:18552 [sender.py:send_request():402] send_request: summary_record
2023-05-30 02:01:10,260 INFO    SenderThread:18552 [sender.py:_save_file():1378] saving file wandb-summary.json with policy end
2023-05-30 02:01:10,532 DEBUG   HandlerThread:18552 [handler.py:handle_request():144] handle_request: partial_history
2023-05-30 02:01:10,533 DEBUG   SenderThread:18552 [sender.py:send():375] send: history
2023-05-30 02:01:10,534 DEBUG   SenderThread:18552 [sender.py:send_request():402] send_request: summary_record
2023-05-30 02:01:10,534 INFO    SenderThread:18552 [sender.py:_save_file():1378] saving file wandb-summary.json with policy end
2023-05-30 02:01:11,205 INFO    Thread-12 :18552 [dir_watcher.py:_on_file_modified():295] file/dir modified: /home/lazarev/disk/lazarev/study/nlp/Sentiment_ANALysis/wandb/run-20230530_020046-qz1nbgc6/files/wandb-summary.json
2023-05-30 02:01:11,206 INFO    Thread-12 :18552 [dir_watcher.py:_on_file_modified():295] file/dir modified: /home/lazarev/disk/lazarev/study/nlp/Sentiment_ANALysis/wandb/run-20230530_020046-qz1nbgc6/files/output.log
2023-05-30 02:01:11,985 DEBUG   HandlerThread:18552 [handler.py:handle_request():144] handle_request: partial_history
2023-05-30 02:01:11,986 DEBUG   SenderThread:18552 [sender.py:send():375] send: history
2023-05-30 02:01:11,986 DEBUG   SenderThread:18552 [sender.py:send_request():402] send_request: summary_record
2023-05-30 02:01:11,987 INFO    SenderThread:18552 [sender.py:_save_file():1378] saving file wandb-summary.json with policy end
2023-05-30 02:01:12,206 INFO    Thread-12 :18552 [dir_watcher.py:_on_file_modified():295] file/dir modified: /home/lazarev/disk/lazarev/study/nlp/Sentiment_ANALysis/wandb/run-20230530_020046-qz1nbgc6/files/wandb-summary.json
2023-05-30 02:01:12,259 DEBUG   HandlerThread:18552 [handler.py:handle_request():144] handle_request: partial_history
2023-05-30 02:01:12,260 DEBUG   SenderThread:18552 [sender.py:send():375] send: history
2023-05-30 02:01:12,261 DEBUG   SenderThread:18552 [sender.py:send_request():402] send_request: summary_record
2023-05-30 02:01:12,262 INFO    SenderThread:18552 [sender.py:_save_file():1378] saving file wandb-summary.json with policy end
2023-05-30 02:01:13,206 INFO    Thread-12 :18552 [dir_watcher.py:_on_file_modified():295] file/dir modified: /home/lazarev/disk/lazarev/study/nlp/Sentiment_ANALysis/wandb/run-20230530_020046-qz1nbgc6/files/wandb-summary.json
2023-05-30 02:01:13,206 INFO    Thread-12 :18552 [dir_watcher.py:_on_file_modified():295] file/dir modified: /home/lazarev/disk/lazarev/study/nlp/Sentiment_ANALysis/wandb/run-20230530_020046-qz1nbgc6/files/output.log
2023-05-30 02:01:13,708 DEBUG   HandlerThread:18552 [handler.py:handle_request():144] handle_request: partial_history
2023-05-30 02:01:13,709 DEBUG   SenderThread:18552 [sender.py:send():375] send: history
2023-05-30 02:01:13,709 DEBUG   SenderThread:18552 [sender.py:send_request():402] send_request: summary_record
2023-05-30 02:01:13,709 DEBUG   HandlerThread:18552 [handler.py:handle_request():144] handle_request: status_report
2023-05-30 02:01:13,710 INFO    SenderThread:18552 [sender.py:_save_file():1378] saving file wandb-summary.json with policy end
2023-05-30 02:01:13,981 DEBUG   HandlerThread:18552 [handler.py:handle_request():144] handle_request: partial_history
2023-05-30 02:01:13,985 DEBUG   SenderThread:18552 [sender.py:send():375] send: history
2023-05-30 02:01:13,985 DEBUG   SenderThread:18552 [sender.py:send_request():402] send_request: summary_record
2023-05-30 02:01:13,986 INFO    SenderThread:18552 [sender.py:_save_file():1378] saving file wandb-summary.json with policy end
2023-05-30 02:01:14,206 INFO    Thread-12 :18552 [dir_watcher.py:_on_file_modified():295] file/dir modified: /home/lazarev/disk/lazarev/study/nlp/Sentiment_ANALysis/wandb/run-20230530_020046-qz1nbgc6/files/wandb-summary.json
2023-05-30 02:01:15,207 INFO    Thread-12 :18552 [dir_watcher.py:_on_file_modified():295] file/dir modified: /home/lazarev/disk/lazarev/study/nlp/Sentiment_ANALysis/wandb/run-20230530_020046-qz1nbgc6/files/output.log
2023-05-30 02:01:15,431 DEBUG   HandlerThread:18552 [handler.py:handle_request():144] handle_request: partial_history
2023-05-30 02:01:15,432 DEBUG   SenderThread:18552 [sender.py:send():375] send: history
2023-05-30 02:01:15,433 DEBUG   SenderThread:18552 [sender.py:send_request():402] send_request: summary_record
2023-05-30 02:01:15,433 INFO    SenderThread:18552 [sender.py:_save_file():1378] saving file wandb-summary.json with policy end
2023-05-30 02:01:15,705 DEBUG   HandlerThread:18552 [handler.py:handle_request():144] handle_request: partial_history
2023-05-30 02:01:15,706 DEBUG   SenderThread:18552 [sender.py:send():375] send: history
2023-05-30 02:01:15,707 DEBUG   SenderThread:18552 [sender.py:send_request():402] send_request: summary_record
2023-05-30 02:01:15,707 INFO    SenderThread:18552 [sender.py:_save_file():1378] saving file wandb-summary.json with policy end
2023-05-30 02:01:16,207 INFO    Thread-12 :18552 [dir_watcher.py:_on_file_modified():295] file/dir modified: /home/lazarev/disk/lazarev/study/nlp/Sentiment_ANALysis/wandb/run-20230530_020046-qz1nbgc6/files/wandb-summary.json
2023-05-30 02:01:17,151 DEBUG   HandlerThread:18552 [handler.py:handle_request():144] handle_request: partial_history
2023-05-30 02:01:17,152 DEBUG   SenderThread:18552 [sender.py:send():375] send: history
2023-05-30 02:01:17,153 DEBUG   SenderThread:18552 [sender.py:send_request():402] send_request: summary_record
2023-05-30 02:01:17,153 INFO    SenderThread:18552 [sender.py:_save_file():1378] saving file wandb-summary.json with policy end
2023-05-30 02:01:17,207 INFO    Thread-12 :18552 [dir_watcher.py:_on_file_modified():295] file/dir modified: /home/lazarev/disk/lazarev/study/nlp/Sentiment_ANALysis/wandb/run-20230530_020046-qz1nbgc6/files/wandb-summary.json
2023-05-30 02:01:17,207 INFO    Thread-12 :18552 [dir_watcher.py:_on_file_modified():295] file/dir modified: /home/lazarev/disk/lazarev/study/nlp/Sentiment_ANALysis/wandb/run-20230530_020046-qz1nbgc6/files/output.log
2023-05-30 02:01:17,430 DEBUG   HandlerThread:18552 [handler.py:handle_request():144] handle_request: partial_history
2023-05-30 02:01:17,431 DEBUG   SenderThread:18552 [sender.py:send():375] send: history
2023-05-30 02:01:17,431 DEBUG   SenderThread:18552 [sender.py:send_request():402] send_request: summary_record
2023-05-30 02:01:17,432 INFO    SenderThread:18552 [sender.py:_save_file():1378] saving file wandb-summary.json with policy end
2023-05-30 02:01:18,208 INFO    Thread-12 :18552 [dir_watcher.py:_on_file_modified():295] file/dir modified: /home/lazarev/disk/lazarev/study/nlp/Sentiment_ANALysis/wandb/run-20230530_020046-qz1nbgc6/files/wandb-summary.json
2023-05-30 02:01:18,881 DEBUG   HandlerThread:18552 [handler.py:handle_request():144] handle_request: partial_history
2023-05-30 02:01:18,882 DEBUG   SenderThread:18552 [sender.py:send():375] send: history
2023-05-30 02:01:18,886 DEBUG   HandlerThread:18552 [handler.py:handle_request():144] handle_request: status_report
2023-05-30 02:01:19,150 DEBUG   SenderThread:18552 [sender.py:send_request():402] send_request: summary_record
2023-05-30 02:01:19,150 INFO    SenderThread:18552 [sender.py:_save_file():1378] saving file wandb-summary.json with policy end
2023-05-30 02:01:19,154 DEBUG   HandlerThread:18552 [handler.py:handle_request():144] handle_request: partial_history
2023-05-30 02:01:19,155 DEBUG   SenderThread:18552 [sender.py:send():375] send: history
2023-05-30 02:01:19,155 DEBUG   SenderThread:18552 [sender.py:send_request():402] send_request: summary_record
2023-05-30 02:01:19,156 INFO    SenderThread:18552 [sender.py:_save_file():1378] saving file wandb-summary.json with policy end
2023-05-30 02:01:19,208 INFO    Thread-12 :18552 [dir_watcher.py:_on_file_modified():295] file/dir modified: /home/lazarev/disk/lazarev/study/nlp/Sentiment_ANALysis/wandb/run-20230530_020046-qz1nbgc6/files/wandb-summary.json
2023-05-30 02:01:19,208 INFO    Thread-12 :18552 [dir_watcher.py:_on_file_modified():295] file/dir modified: /home/lazarev/disk/lazarev/study/nlp/Sentiment_ANALysis/wandb/run-20230530_020046-qz1nbgc6/files/output.log
2023-05-30 02:01:19,208 INFO    Thread-12 :18552 [dir_watcher.py:_on_file_modified():295] file/dir modified: /home/lazarev/disk/lazarev/study/nlp/Sentiment_ANALysis/wandb/run-20230530_020046-qz1nbgc6/files/config.yaml
2023-05-30 02:01:20,605 DEBUG   HandlerThread:18552 [handler.py:handle_request():144] handle_request: partial_history
2023-05-30 02:01:20,607 DEBUG   SenderThread:18552 [sender.py:send():375] send: history
2023-05-30 02:01:20,607 DEBUG   SenderThread:18552 [sender.py:send_request():402] send_request: summary_record
2023-05-30 02:01:20,607 INFO    SenderThread:18552 [sender.py:_save_file():1378] saving file wandb-summary.json with policy end
2023-05-30 02:01:20,881 DEBUG   HandlerThread:18552 [handler.py:handle_request():144] handle_request: partial_history
2023-05-30 02:01:20,882 DEBUG   SenderThread:18552 [sender.py:send():375] send: history
2023-05-30 02:01:20,883 DEBUG   SenderThread:18552 [sender.py:send_request():402] send_request: summary_record
2023-05-30 02:01:20,883 INFO    SenderThread:18552 [sender.py:_save_file():1378] saving file wandb-summary.json with policy end
2023-05-30 02:01:21,208 INFO    Thread-12 :18552 [dir_watcher.py:_on_file_modified():295] file/dir modified: /home/lazarev/disk/lazarev/study/nlp/Sentiment_ANALysis/wandb/run-20230530_020046-qz1nbgc6/files/wandb-summary.json
2023-05-30 02:01:21,209 INFO    Thread-12 :18552 [dir_watcher.py:_on_file_modified():295] file/dir modified: /home/lazarev/disk/lazarev/study/nlp/Sentiment_ANALysis/wandb/run-20230530_020046-qz1nbgc6/files/output.log
2023-05-30 02:01:22,330 DEBUG   HandlerThread:18552 [handler.py:handle_request():144] handle_request: partial_history
2023-05-30 02:01:22,331 DEBUG   SenderThread:18552 [sender.py:send():375] send: history
2023-05-30 02:01:22,332 DEBUG   SenderThread:18552 [sender.py:send_request():402] send_request: summary_record
2023-05-30 02:01:22,332 INFO    SenderThread:18552 [sender.py:_save_file():1378] saving file wandb-summary.json with policy end
2023-05-30 02:01:22,546 DEBUG   HandlerThread:18552 [handler.py:handle_request():144] handle_request: stop_status
2023-05-30 02:01:22,546 DEBUG   SenderThread:18552 [sender.py:send_request():402] send_request: stop_status
2023-05-30 02:01:22,603 DEBUG   HandlerThread:18552 [handler.py:handle_request():144] handle_request: partial_history
2023-05-30 02:01:22,718 DEBUG   SenderThread:18552 [sender.py:send():375] send: history
2023-05-30 02:01:22,718 DEBUG   SenderThread:18552 [sender.py:send_request():402] send_request: summary_record
2023-05-30 02:01:22,718 INFO    SenderThread:18552 [sender.py:_save_file():1378] saving file wandb-summary.json with policy end
2023-05-30 02:01:23,209 INFO    Thread-12 :18552 [dir_watcher.py:_on_file_modified():295] file/dir modified: /home/lazarev/disk/lazarev/study/nlp/Sentiment_ANALysis/wandb/run-20230530_020046-qz1nbgc6/files/wandb-summary.json
2023-05-30 02:01:23,209 INFO    Thread-12 :18552 [dir_watcher.py:_on_file_modified():295] file/dir modified: /home/lazarev/disk/lazarev/study/nlp/Sentiment_ANALysis/wandb/run-20230530_020046-qz1nbgc6/files/output.log
2023-05-30 02:01:24,057 DEBUG   HandlerThread:18552 [handler.py:handle_request():144] handle_request: partial_history
2023-05-30 02:01:24,058 DEBUG   SenderThread:18552 [sender.py:send():375] send: history
2023-05-30 02:01:24,058 DEBUG   SenderThread:18552 [sender.py:send_request():402] send_request: summary_record
2023-05-30 02:01:24,058 INFO    SenderThread:18552 [sender.py:_save_file():1378] saving file wandb-summary.json with policy end
2023-05-30 02:01:24,209 INFO    Thread-12 :18552 [dir_watcher.py:_on_file_modified():295] file/dir modified: /home/lazarev/disk/lazarev/study/nlp/Sentiment_ANALysis/wandb/run-20230530_020046-qz1nbgc6/files/wandb-summary.json
2023-05-30 02:01:24,336 DEBUG   HandlerThread:18552 [handler.py:handle_request():144] handle_request: partial_history
2023-05-30 02:01:24,337 DEBUG   SenderThread:18552 [sender.py:send():375] send: history
2023-05-30 02:01:24,338 DEBUG   SenderThread:18552 [sender.py:send_request():402] send_request: summary_record
2023-05-30 02:01:24,338 DEBUG   HandlerThread:18552 [handler.py:handle_request():144] handle_request: status_report
2023-05-30 02:01:24,339 INFO    SenderThread:18552 [sender.py:_save_file():1378] saving file wandb-summary.json with policy end
2023-05-30 02:01:25,210 INFO    Thread-12 :18552 [dir_watcher.py:_on_file_modified():295] file/dir modified: /home/lazarev/disk/lazarev/study/nlp/Sentiment_ANALysis/wandb/run-20230530_020046-qz1nbgc6/files/wandb-summary.json
2023-05-30 02:01:25,210 INFO    Thread-12 :18552 [dir_watcher.py:_on_file_modified():295] file/dir modified: /home/lazarev/disk/lazarev/study/nlp/Sentiment_ANALysis/wandb/run-20230530_020046-qz1nbgc6/files/output.log
2023-05-30 02:01:25,785 DEBUG   HandlerThread:18552 [handler.py:handle_request():144] handle_request: partial_history
2023-05-30 02:01:25,787 DEBUG   SenderThread:18552 [sender.py:send():375] send: history
2023-05-30 02:01:25,787 DEBUG   SenderThread:18552 [sender.py:send_request():402] send_request: summary_record
2023-05-30 02:01:25,787 INFO    SenderThread:18552 [sender.py:_save_file():1378] saving file wandb-summary.json with policy end
2023-05-30 02:01:26,045 DEBUG   HandlerThread:18552 [handler.py:handle_request():144] handle_request: partial_history
2023-05-30 02:01:26,045 DEBUG   HandlerThread:18552 [handler.py:handle_request():144] handle_request: partial_history
2023-05-30 02:01:26,046 DEBUG   HandlerThread:18552 [handler.py:handle_request():144] handle_request: partial_history
2023-05-30 02:01:26,047 DEBUG   HandlerThread:18552 [handler.py:handle_request():144] handle_request: partial_history
2023-05-30 02:01:26,048 DEBUG   HandlerThread:18552 [handler.py:handle_request():144] handle_request: partial_history
2023-05-30 02:01:26,048 DEBUG   HandlerThread:18552 [handler.py:handle_request():144] handle_request: partial_history
2023-05-30 02:01:26,051 DEBUG   HandlerThread:18552 [handler.py:handle_request():144] handle_request: partial_history
2023-05-30 02:01:26,052 DEBUG   HandlerThread:18552 [handler.py:handle_request():144] handle_request: partial_history
2023-05-30 02:01:26,054 DEBUG   HandlerThread:18552 [handler.py:handle_request():144] handle_request: partial_history
2023-05-30 02:01:26,055 DEBUG   HandlerThread:18552 [handler.py:handle_request():144] handle_request: partial_history
2023-05-30 02:01:26,056 DEBUG   HandlerThread:18552 [handler.py:handle_request():144] handle_request: partial_history
2023-05-30 02:01:26,056 DEBUG   HandlerThread:18552 [handler.py:handle_request():144] handle_request: partial_history
2023-05-30 02:01:26,058 DEBUG   HandlerThread:18552 [handler.py:handle_request():144] handle_request: partial_history
2023-05-30 02:01:26,058 DEBUG   HandlerThread:18552 [handler.py:handle_request():144] handle_request: partial_history
2023-05-30 02:01:26,061 DEBUG   HandlerThread:18552 [handler.py:handle_request():144] handle_request: partial_history
2023-05-30 02:01:26,062 DEBUG   HandlerThread:18552 [handler.py:handle_request():144] handle_request: partial_history
2023-05-30 02:01:26,063 DEBUG   HandlerThread:18552 [handler.py:handle_request():144] handle_request: partial_history
2023-05-30 02:01:26,064 DEBUG   HandlerThread:18552 [handler.py:handle_request():144] handle_request: partial_history
2023-05-30 02:01:26,065 DEBUG   HandlerThread:18552 [handler.py:handle_request():144] handle_request: partial_history
2023-05-30 02:01:26,066 DEBUG   HandlerThread:18552 [handler.py:handle_request():144] handle_request: partial_history
2023-05-30 02:01:26,067 DEBUG   HandlerThread:18552 [handler.py:handle_request():144] handle_request: partial_history
2023-05-30 02:01:26,068 DEBUG   HandlerThread:18552 [handler.py:handle_request():144] handle_request: partial_history
2023-05-30 02:01:26,069 DEBUG   HandlerThread:18552 [handler.py:handle_request():144] handle_request: partial_history
2023-05-30 02:01:26,070 DEBUG   HandlerThread:18552 [handler.py:handle_request():144] handle_request: partial_history
2023-05-30 02:01:26,073 DEBUG   HandlerThread:18552 [handler.py:handle_request():144] handle_request: partial_history
2023-05-30 02:01:26,081 DEBUG   HandlerThread:18552 [handler.py:handle_request():144] handle_request: partial_history
2023-05-30 02:01:26,096 DEBUG   SenderThread:18552 [sender.py:send():375] send: history
2023-05-30 02:01:26,099 DEBUG   SenderThread:18552 [sender.py:send_request():402] send_request: summary_record
2023-05-30 02:01:26,101 INFO    SenderThread:18552 [sender.py:_save_file():1378] saving file wandb-summary.json with policy end
2023-05-30 02:01:26,210 INFO    Thread-12 :18552 [dir_watcher.py:_on_file_modified():295] file/dir modified: /home/lazarev/disk/lazarev/study/nlp/Sentiment_ANALysis/wandb/run-20230530_020046-qz1nbgc6/files/wandb-summary.json
2023-05-30 02:01:27,210 INFO    Thread-12 :18552 [dir_watcher.py:_on_file_modified():295] file/dir modified: /home/lazarev/disk/lazarev/study/nlp/Sentiment_ANALysis/wandb/run-20230530_020046-qz1nbgc6/files/output.log
2023-05-30 02:01:27,541 DEBUG   HandlerThread:18552 [handler.py:handle_request():144] handle_request: partial_history
2023-05-30 02:01:27,542 DEBUG   SenderThread:18552 [sender.py:send():375] send: history
2023-05-30 02:01:27,543 DEBUG   SenderThread:18552 [sender.py:send_request():402] send_request: summary_record
2023-05-30 02:01:27,543 INFO    SenderThread:18552 [sender.py:_save_file():1378] saving file wandb-summary.json with policy end
2023-05-30 02:01:27,823 DEBUG   HandlerThread:18552 [handler.py:handle_request():144] handle_request: partial_history
2023-05-30 02:01:27,824 DEBUG   SenderThread:18552 [sender.py:send():375] send: history
2023-05-30 02:01:27,824 DEBUG   SenderThread:18552 [sender.py:send_request():402] send_request: summary_record
2023-05-30 02:01:27,825 INFO    SenderThread:18552 [sender.py:_save_file():1378] saving file wandb-summary.json with policy end
2023-05-30 02:01:28,211 INFO    Thread-12 :18552 [dir_watcher.py:_on_file_modified():295] file/dir modified: /home/lazarev/disk/lazarev/study/nlp/Sentiment_ANALysis/wandb/run-20230530_020046-qz1nbgc6/files/wandb-summary.json
2023-05-30 02:01:29,211 INFO    Thread-12 :18552 [dir_watcher.py:_on_file_modified():295] file/dir modified: /home/lazarev/disk/lazarev/study/nlp/Sentiment_ANALysis/wandb/run-20230530_020046-qz1nbgc6/files/output.log
2023-05-30 02:01:29,279 DEBUG   HandlerThread:18552 [handler.py:handle_request():144] handle_request: partial_history
2023-05-30 02:01:29,280 DEBUG   SenderThread:18552 [sender.py:send():375] send: history
2023-05-30 02:01:29,281 DEBUG   SenderThread:18552 [sender.py:send_request():402] send_request: summary_record
2023-05-30 02:01:29,281 INFO    SenderThread:18552 [sender.py:_save_file():1378] saving file wandb-summary.json with policy end
2023-05-30 02:01:29,555 DEBUG   HandlerThread:18552 [handler.py:handle_request():144] handle_request: partial_history
2023-05-30 02:01:29,557 DEBUG   SenderThread:18552 [sender.py:send():375] send: history
2023-05-30 02:01:29,557 DEBUG   SenderThread:18552 [sender.py:send_request():402] send_request: summary_record
2023-05-30 02:01:29,558 DEBUG   HandlerThread:18552 [handler.py:handle_request():144] handle_request: status_report
2023-05-30 02:01:29,558 INFO    SenderThread:18552 [sender.py:_save_file():1378] saving file wandb-summary.json with policy end
2023-05-30 02:01:30,211 INFO    Thread-12 :18552 [dir_watcher.py:_on_file_modified():295] file/dir modified: /home/lazarev/disk/lazarev/study/nlp/Sentiment_ANALysis/wandb/run-20230530_020046-qz1nbgc6/files/wandb-summary.json
2023-05-30 02:01:31,011 DEBUG   HandlerThread:18552 [handler.py:handle_request():144] handle_request: partial_history
2023-05-30 02:01:31,012 DEBUG   SenderThread:18552 [sender.py:send():375] send: history
2023-05-30 02:01:31,013 DEBUG   SenderThread:18552 [sender.py:send_request():402] send_request: summary_record
2023-05-30 02:01:31,013 INFO    SenderThread:18552 [sender.py:_save_file():1378] saving file wandb-summary.json with policy end
2023-05-30 02:01:31,212 INFO    Thread-12 :18552 [dir_watcher.py:_on_file_modified():295] file/dir modified: /home/lazarev/disk/lazarev/study/nlp/Sentiment_ANALysis/wandb/run-20230530_020046-qz1nbgc6/files/wandb-summary.json
2023-05-30 02:01:31,212 INFO    Thread-12 :18552 [dir_watcher.py:_on_file_modified():295] file/dir modified: /home/lazarev/disk/lazarev/study/nlp/Sentiment_ANALysis/wandb/run-20230530_020046-qz1nbgc6/files/output.log
2023-05-30 02:01:31,285 DEBUG   HandlerThread:18552 [handler.py:handle_request():144] handle_request: partial_history
2023-05-30 02:01:31,286 DEBUG   SenderThread:18552 [sender.py:send():375] send: history
2023-05-30 02:01:31,286 DEBUG   SenderThread:18552 [sender.py:send_request():402] send_request: summary_record
2023-05-30 02:01:31,287 INFO    SenderThread:18552 [sender.py:_save_file():1378] saving file wandb-summary.json with policy end
2023-05-30 02:01:32,212 INFO    Thread-12 :18552 [dir_watcher.py:_on_file_modified():295] file/dir modified: /home/lazarev/disk/lazarev/study/nlp/Sentiment_ANALysis/wandb/run-20230530_020046-qz1nbgc6/files/wandb-summary.json
2023-05-30 02:01:32,739 DEBUG   HandlerThread:18552 [handler.py:handle_request():144] handle_request: partial_history
2023-05-30 02:01:32,740 DEBUG   SenderThread:18552 [sender.py:send():375] send: history
2023-05-30 02:01:32,741 DEBUG   SenderThread:18552 [sender.py:send_request():402] send_request: summary_record
2023-05-30 02:01:32,741 INFO    SenderThread:18552 [sender.py:_save_file():1378] saving file wandb-summary.json with policy end
2023-05-30 02:01:33,014 DEBUG   HandlerThread:18552 [handler.py:handle_request():144] handle_request: partial_history
2023-05-30 02:01:33,015 DEBUG   SenderThread:18552 [sender.py:send():375] send: history
2023-05-30 02:01:33,015 DEBUG   SenderThread:18552 [sender.py:send_request():402] send_request: summary_record
2023-05-30 02:01:33,016 INFO    SenderThread:18552 [sender.py:_save_file():1378] saving file wandb-summary.json with policy end
2023-05-30 02:01:33,212 INFO    Thread-12 :18552 [dir_watcher.py:_on_file_modified():295] file/dir modified: /home/lazarev/disk/lazarev/study/nlp/Sentiment_ANALysis/wandb/run-20230530_020046-qz1nbgc6/files/wandb-summary.json
2023-05-30 02:01:33,212 INFO    Thread-12 :18552 [dir_watcher.py:_on_file_modified():295] file/dir modified: /home/lazarev/disk/lazarev/study/nlp/Sentiment_ANALysis/wandb/run-20230530_020046-qz1nbgc6/files/output.log
2023-05-30 02:01:34,474 DEBUG   HandlerThread:18552 [handler.py:handle_request():144] handle_request: partial_history
2023-05-30 02:01:34,475 DEBUG   SenderThread:18552 [sender.py:send():375] send: history
2023-05-30 02:01:34,475 DEBUG   SenderThread:18552 [sender.py:send_request():402] send_request: summary_record
2023-05-30 02:01:34,476 INFO    SenderThread:18552 [sender.py:_save_file():1378] saving file wandb-summary.json with policy end
2023-05-30 02:01:34,745 DEBUG   HandlerThread:18552 [handler.py:handle_request():144] handle_request: partial_history
2023-05-30 02:01:34,746 DEBUG   SenderThread:18552 [sender.py:send():375] send: history
2023-05-30 02:01:34,746 DEBUG   SenderThread:18552 [sender.py:send_request():402] send_request: summary_record
2023-05-30 02:01:34,747 DEBUG   HandlerThread:18552 [handler.py:handle_request():144] handle_request: status_report
2023-05-30 02:01:34,747 INFO    SenderThread:18552 [sender.py:_save_file():1378] saving file wandb-summary.json with policy end
2023-05-30 02:01:35,213 INFO    Thread-12 :18552 [dir_watcher.py:_on_file_modified():295] file/dir modified: /home/lazarev/disk/lazarev/study/nlp/Sentiment_ANALysis/wandb/run-20230530_020046-qz1nbgc6/files/wandb-summary.json
2023-05-30 02:01:35,213 INFO    Thread-12 :18552 [dir_watcher.py:_on_file_modified():295] file/dir modified: /home/lazarev/disk/lazarev/study/nlp/Sentiment_ANALysis/wandb/run-20230530_020046-qz1nbgc6/files/output.log
2023-05-30 02:01:36,203 DEBUG   HandlerThread:18552 [handler.py:handle_request():144] handle_request: partial_history
2023-05-30 02:01:36,204 DEBUG   SenderThread:18552 [sender.py:send():375] send: history
2023-05-30 02:01:36,204 DEBUG   SenderThread:18552 [sender.py:send_request():402] send_request: summary_record
2023-05-30 02:01:36,205 INFO    SenderThread:18552 [sender.py:_save_file():1378] saving file wandb-summary.json with policy end
2023-05-30 02:01:36,213 INFO    Thread-12 :18552 [dir_watcher.py:_on_file_modified():295] file/dir modified: /home/lazarev/disk/lazarev/study/nlp/Sentiment_ANALysis/wandb/run-20230530_020046-qz1nbgc6/files/wandb-summary.json
2023-05-30 02:01:36,480 DEBUG   HandlerThread:18552 [handler.py:handle_request():144] handle_request: partial_history
2023-05-30 02:01:36,481 DEBUG   SenderThread:18552 [sender.py:send():375] send: history
2023-05-30 02:01:36,482 DEBUG   SenderThread:18552 [sender.py:send_request():402] send_request: summary_record
2023-05-30 02:01:36,482 INFO    SenderThread:18552 [sender.py:_save_file():1378] saving file wandb-summary.json with policy end
2023-05-30 02:01:37,213 INFO    Thread-12 :18552 [dir_watcher.py:_on_file_modified():295] file/dir modified: /home/lazarev/disk/lazarev/study/nlp/Sentiment_ANALysis/wandb/run-20230530_020046-qz1nbgc6/files/wandb-summary.json
2023-05-30 02:01:37,214 INFO    Thread-12 :18552 [dir_watcher.py:_on_file_modified():295] file/dir modified: /home/lazarev/disk/lazarev/study/nlp/Sentiment_ANALysis/wandb/run-20230530_020046-qz1nbgc6/files/output.log
2023-05-30 02:01:37,546 DEBUG   HandlerThread:18552 [handler.py:handle_request():144] handle_request: stop_status
2023-05-30 02:01:37,547 DEBUG   SenderThread:18552 [sender.py:send_request():402] send_request: stop_status
2023-05-30 02:01:37,943 DEBUG   HandlerThread:18552 [handler.py:handle_request():144] handle_request: partial_history
2023-05-30 02:01:37,944 DEBUG   SenderThread:18552 [sender.py:send():375] send: history
2023-05-30 02:01:37,944 DEBUG   SenderThread:18552 [sender.py:send_request():402] send_request: summary_record
2023-05-30 02:01:37,945 INFO    SenderThread:18552 [sender.py:_save_file():1378] saving file wandb-summary.json with policy end
2023-05-30 02:01:38,214 INFO    Thread-12 :18552 [dir_watcher.py:_on_file_modified():295] file/dir modified: /home/lazarev/disk/lazarev/study/nlp/Sentiment_ANALysis/wandb/run-20230530_020046-qz1nbgc6/files/wandb-summary.json
2023-05-30 02:01:38,221 DEBUG   HandlerThread:18552 [handler.py:handle_request():144] handle_request: partial_history
2023-05-30 02:01:38,222 DEBUG   SenderThread:18552 [sender.py:send():375] send: history
2023-05-30 02:01:38,222 DEBUG   SenderThread:18552 [sender.py:send_request():402] send_request: summary_record
2023-05-30 02:01:38,223 INFO    SenderThread:18552 [sender.py:_save_file():1378] saving file wandb-summary.json with policy end
2023-05-30 02:01:39,214 INFO    Thread-12 :18552 [dir_watcher.py:_on_file_modified():295] file/dir modified: /home/lazarev/disk/lazarev/study/nlp/Sentiment_ANALysis/wandb/run-20230530_020046-qz1nbgc6/files/wandb-summary.json
2023-05-30 02:01:39,214 INFO    Thread-12 :18552 [dir_watcher.py:_on_file_modified():295] file/dir modified: /home/lazarev/disk/lazarev/study/nlp/Sentiment_ANALysis/wandb/run-20230530_020046-qz1nbgc6/files/output.log
2023-05-30 02:01:39,680 DEBUG   HandlerThread:18552 [handler.py:handle_request():144] handle_request: partial_history
2023-05-30 02:01:39,681 DEBUG   SenderThread:18552 [sender.py:send():375] send: history
2023-05-30 02:01:39,681 DEBUG   SenderThread:18552 [sender.py:send_request():402] send_request: summary_record
2023-05-30 02:01:39,681 INFO    SenderThread:18552 [sender.py:_save_file():1378] saving file wandb-summary.json with policy end
2023-05-30 02:01:39,953 DEBUG   HandlerThread:18552 [handler.py:handle_request():144] handle_request: partial_history
2023-05-30 02:01:39,954 DEBUG   SenderThread:18552 [sender.py:send():375] send: history
2023-05-30 02:01:39,954 DEBUG   SenderThread:18552 [sender.py:send_request():402] send_request: summary_record
2023-05-30 02:01:39,955 DEBUG   HandlerThread:18552 [handler.py:handle_request():144] handle_request: status_report
2023-05-30 02:01:39,955 INFO    SenderThread:18552 [sender.py:_save_file():1378] saving file wandb-summary.json with policy end
2023-05-30 02:01:40,214 INFO    Thread-12 :18552 [dir_watcher.py:_on_file_modified():295] file/dir modified: /home/lazarev/disk/lazarev/study/nlp/Sentiment_ANALysis/wandb/run-20230530_020046-qz1nbgc6/files/wandb-summary.json
2023-05-30 02:01:41,215 INFO    Thread-12 :18552 [dir_watcher.py:_on_file_modified():295] file/dir modified: /home/lazarev/disk/lazarev/study/nlp/Sentiment_ANALysis/wandb/run-20230530_020046-qz1nbgc6/files/output.log
2023-05-30 02:01:42,326 DEBUG   HandlerThread:18552 [handler.py:handle_request():144] handle_request: pause
2023-05-30 02:01:42,326 INFO    HandlerThread:18552 [handler.py:handle_request_pause():719] stopping system metrics thread or process
2023-05-30 02:01:42,326 INFO    HandlerThread:18552 [system_monitor.py:finish():190] Stopping system monitor
2023-05-30 02:01:42,326 DEBUG   SystemMonitor:18552 [system_monitor.py:_start():159] Starting system metrics aggregation loop
2023-05-30 02:01:42,326 INFO    HandlerThread:18552 [interfaces.py:finish():202] Joined cpu monitor
2023-05-30 02:01:42,327 DEBUG   SystemMonitor:18552 [system_monitor.py:_start():166] Finished system metrics aggregation loop
2023-05-30 02:01:42,327 INFO    HandlerThread:18552 [interfaces.py:finish():202] Joined disk monitor
2023-05-30 02:01:42,327 DEBUG   SystemMonitor:18552 [system_monitor.py:_start():170] Publishing last batch of metrics
2023-05-30 02:01:42,347 INFO    HandlerThread:18552 [interfaces.py:finish():202] Joined gpu monitor
2023-05-30 02:01:42,347 INFO    HandlerThread:18552 [interfaces.py:finish():202] Joined memory monitor
2023-05-30 02:01:42,347 INFO    HandlerThread:18552 [interfaces.py:finish():202] Joined network monitor
2023-05-30 02:01:42,347 DEBUG   SenderThread:18552 [sender.py:send():375] send: stats
2023-05-30 02:01:45,349 DEBUG   HandlerThread:18552 [handler.py:handle_request():144] handle_request: status_report
2023-05-30 02:01:50,350 DEBUG   HandlerThread:18552 [handler.py:handle_request():144] handle_request: status_report
2023-05-30 02:01:52,546 DEBUG   HandlerThread:18552 [handler.py:handle_request():144] handle_request: stop_status
2023-05-30 02:01:52,547 DEBUG   SenderThread:18552 [sender.py:send_request():402] send_request: stop_status
2023-05-30 02:01:55,709 DEBUG   HandlerThread:18552 [handler.py:handle_request():144] handle_request: status_report
2023-05-30 02:02:00,709 DEBUG   HandlerThread:18552 [handler.py:handle_request():144] handle_request: status_report
2023-05-30 02:02:05,710 DEBUG   HandlerThread:18552 [handler.py:handle_request():144] handle_request: status_report
2023-05-30 02:02:07,546 DEBUG   HandlerThread:18552 [handler.py:handle_request():144] handle_request: stop_status
2023-05-30 02:02:07,547 DEBUG   SenderThread:18552 [sender.py:send_request():402] send_request: stop_status
2023-05-30 02:02:10,712 DEBUG   HandlerThread:18552 [handler.py:handle_request():144] handle_request: status_report
2023-05-30 02:02:15,713 DEBUG   HandlerThread:18552 [handler.py:handle_request():144] handle_request: status_report
2023-05-30 02:02:20,714 DEBUG   HandlerThread:18552 [handler.py:handle_request():144] handle_request: status_report
2023-05-30 02:02:22,547 DEBUG   HandlerThread:18552 [handler.py:handle_request():144] handle_request: stop_status
2023-05-30 02:02:22,547 DEBUG   SenderThread:18552 [sender.py:send_request():402] send_request: stop_status
2023-05-30 02:02:25,719 DEBUG   HandlerThread:18552 [handler.py:handle_request():144] handle_request: status_report
2023-05-30 02:02:30,719 DEBUG   HandlerThread:18552 [handler.py:handle_request():144] handle_request: status_report
2023-05-30 02:02:35,720 DEBUG   HandlerThread:18552 [handler.py:handle_request():144] handle_request: status_report
2023-05-30 02:02:37,547 DEBUG   HandlerThread:18552 [handler.py:handle_request():144] handle_request: stop_status
2023-05-30 02:02:37,547 DEBUG   SenderThread:18552 [sender.py:send_request():402] send_request: stop_status
2023-05-30 02:02:41,713 DEBUG   HandlerThread:18552 [handler.py:handle_request():144] handle_request: status_report
2023-05-30 02:02:46,713 DEBUG   HandlerThread:18552 [handler.py:handle_request():144] handle_request: status_report
2023-05-30 02:02:51,714 DEBUG   HandlerThread:18552 [handler.py:handle_request():144] handle_request: status_report
2023-05-30 02:02:52,547 DEBUG   HandlerThread:18552 [handler.py:handle_request():144] handle_request: stop_status
2023-05-30 02:02:52,547 DEBUG   SenderThread:18552 [sender.py:send_request():402] send_request: stop_status
2023-05-30 02:02:57,713 DEBUG   HandlerThread:18552 [handler.py:handle_request():144] handle_request: status_report
2023-05-30 02:03:02,714 DEBUG   HandlerThread:18552 [handler.py:handle_request():144] handle_request: status_report
2023-05-30 02:03:07,547 DEBUG   HandlerThread:18552 [handler.py:handle_request():144] handle_request: stop_status
2023-05-30 02:03:07,548 DEBUG   SenderThread:18552 [sender.py:send_request():402] send_request: stop_status
2023-05-30 02:03:08,706 DEBUG   HandlerThread:18552 [handler.py:handle_request():144] handle_request: status_report
2023-05-30 02:03:13,707 DEBUG   HandlerThread:18552 [handler.py:handle_request():144] handle_request: status_report
2023-05-30 02:03:18,707 DEBUG   HandlerThread:18552 [handler.py:handle_request():144] handle_request: status_report
2023-05-30 02:03:22,547 DEBUG   HandlerThread:18552 [handler.py:handle_request():144] handle_request: stop_status
2023-05-30 02:03:22,548 DEBUG   SenderThread:18552 [sender.py:send_request():402] send_request: stop_status
2023-05-30 02:03:23,708 DEBUG   HandlerThread:18552 [handler.py:handle_request():144] handle_request: status_report
2023-05-30 02:03:28,709 DEBUG   HandlerThread:18552 [handler.py:handle_request():144] handle_request: status_report
2023-05-30 02:03:33,710 DEBUG   HandlerThread:18552 [handler.py:handle_request():144] handle_request: status_report
2023-05-30 02:03:37,547 DEBUG   HandlerThread:18552 [handler.py:handle_request():144] handle_request: stop_status
2023-05-30 02:03:37,548 DEBUG   SenderThread:18552 [sender.py:send_request():402] send_request: stop_status
2023-05-30 02:03:38,715 DEBUG   HandlerThread:18552 [handler.py:handle_request():144] handle_request: status_report
2023-05-30 02:03:43,715 DEBUG   HandlerThread:18552 [handler.py:handle_request():144] handle_request: status_report
2023-05-30 02:03:48,716 DEBUG   HandlerThread:18552 [handler.py:handle_request():144] handle_request: status_report
2023-05-30 02:03:52,547 DEBUG   HandlerThread:18552 [handler.py:handle_request():144] handle_request: stop_status
2023-05-30 02:03:52,548 DEBUG   SenderThread:18552 [sender.py:send_request():402] send_request: stop_status
2023-05-30 02:03:54,714 DEBUG   HandlerThread:18552 [handler.py:handle_request():144] handle_request: status_report
2023-05-30 02:03:59,715 DEBUG   HandlerThread:18552 [handler.py:handle_request():144] handle_request: status_report
2023-05-30 02:04:04,716 DEBUG   HandlerThread:18552 [handler.py:handle_request():144] handle_request: status_report
2023-05-30 02:04:07,548 DEBUG   HandlerThread:18552 [handler.py:handle_request():144] handle_request: stop_status
2023-05-30 02:04:07,548 DEBUG   SenderThread:18552 [sender.py:send_request():402] send_request: stop_status
2023-05-30 02:04:10,711 DEBUG   HandlerThread:18552 [handler.py:handle_request():144] handle_request: status_report
2023-05-30 02:04:15,712 DEBUG   HandlerThread:18552 [handler.py:handle_request():144] handle_request: status_report
2023-05-30 02:04:20,713 DEBUG   HandlerThread:18552 [handler.py:handle_request():144] handle_request: status_report
2023-05-30 02:04:22,548 DEBUG   HandlerThread:18552 [handler.py:handle_request():144] handle_request: stop_status
2023-05-30 02:04:22,548 DEBUG   SenderThread:18552 [sender.py:send_request():402] send_request: stop_status
2023-05-30 02:04:25,715 DEBUG   HandlerThread:18552 [handler.py:handle_request():144] handle_request: status_report
2023-05-30 02:04:30,716 DEBUG   HandlerThread:18552 [handler.py:handle_request():144] handle_request: status_report
2023-05-30 02:04:35,717 DEBUG   HandlerThread:18552 [handler.py:handle_request():144] handle_request: status_report
2023-05-30 02:04:37,548 DEBUG   HandlerThread:18552 [handler.py:handle_request():144] handle_request: stop_status
2023-05-30 02:04:37,548 DEBUG   SenderThread:18552 [sender.py:send_request():402] send_request: stop_status
2023-05-30 02:04:41,714 DEBUG   HandlerThread:18552 [handler.py:handle_request():144] handle_request: status_report
2023-05-30 02:04:46,715 DEBUG   HandlerThread:18552 [handler.py:handle_request():144] handle_request: status_report
2023-05-30 02:04:51,716 DEBUG   HandlerThread:18552 [handler.py:handle_request():144] handle_request: status_report
2023-05-30 02:04:52,548 DEBUG   HandlerThread:18552 [handler.py:handle_request():144] handle_request: stop_status
2023-05-30 02:04:52,548 DEBUG   SenderThread:18552 [sender.py:send_request():402] send_request: stop_status
2023-05-30 02:04:56,717 DEBUG   HandlerThread:18552 [handler.py:handle_request():144] handle_request: status_report
2023-05-30 02:05:01,718 DEBUG   HandlerThread:18552 [handler.py:handle_request():144] handle_request: status_report
2023-05-30 02:05:06,719 DEBUG   HandlerThread:18552 [handler.py:handle_request():144] handle_request: status_report
2023-05-30 02:05:07,548 DEBUG   HandlerThread:18552 [handler.py:handle_request():144] handle_request: stop_status
2023-05-30 02:05:07,548 DEBUG   SenderThread:18552 [sender.py:send_request():402] send_request: stop_status
2023-05-30 02:05:12,714 DEBUG   HandlerThread:18552 [handler.py:handle_request():144] handle_request: status_report
2023-05-30 02:05:17,715 DEBUG   HandlerThread:18552 [handler.py:handle_request():144] handle_request: status_report
2023-05-30 02:05:22,548 DEBUG   HandlerThread:18552 [handler.py:handle_request():144] handle_request: stop_status
2023-05-30 02:05:22,549 DEBUG   SenderThread:18552 [sender.py:send_request():402] send_request: stop_status
2023-05-30 02:05:23,708 DEBUG   HandlerThread:18552 [handler.py:handle_request():144] handle_request: status_report
2023-05-30 02:05:28,708 DEBUG   HandlerThread:18552 [handler.py:handle_request():144] handle_request: status_report
2023-05-30 02:05:33,709 DEBUG   HandlerThread:18552 [handler.py:handle_request():144] handle_request: status_report
2023-05-30 02:05:37,548 DEBUG   HandlerThread:18552 [handler.py:handle_request():144] handle_request: stop_status
2023-05-30 02:05:37,549 DEBUG   SenderThread:18552 [sender.py:send_request():402] send_request: stop_status
2023-05-30 02:05:38,713 DEBUG   HandlerThread:18552 [handler.py:handle_request():144] handle_request: status_report
2023-05-30 02:05:43,714 DEBUG   HandlerThread:18552 [handler.py:handle_request():144] handle_request: status_report
2023-05-30 02:05:48,714 DEBUG   HandlerThread:18552 [handler.py:handle_request():144] handle_request: status_report
2023-05-30 02:05:52,548 DEBUG   HandlerThread:18552 [handler.py:handle_request():144] handle_request: stop_status
2023-05-30 02:05:52,549 DEBUG   SenderThread:18552 [sender.py:send_request():402] send_request: stop_status
2023-05-30 02:05:53,715 DEBUG   HandlerThread:18552 [handler.py:handle_request():144] handle_request: status_report
2023-05-30 02:05:58,716 DEBUG   HandlerThread:18552 [handler.py:handle_request():144] handle_request: status_report
2023-05-30 02:06:03,716 DEBUG   HandlerThread:18552 [handler.py:handle_request():144] handle_request: status_report
2023-05-30 02:06:07,548 DEBUG   HandlerThread:18552 [handler.py:handle_request():144] handle_request: stop_status
2023-05-30 02:06:07,549 DEBUG   SenderThread:18552 [sender.py:send_request():402] send_request: stop_status
2023-05-30 02:06:09,714 DEBUG   HandlerThread:18552 [handler.py:handle_request():144] handle_request: status_report
2023-05-30 02:06:14,715 DEBUG   HandlerThread:18552 [handler.py:handle_request():144] handle_request: status_report
2023-05-30 02:06:19,716 DEBUG   HandlerThread:18552 [handler.py:handle_request():144] handle_request: status_report
2023-05-30 02:06:22,549 DEBUG   HandlerThread:18552 [handler.py:handle_request():144] handle_request: stop_status
2023-05-30 02:06:22,549 DEBUG   SenderThread:18552 [sender.py:send_request():402] send_request: stop_status
2023-05-30 02:06:25,715 DEBUG   HandlerThread:18552 [handler.py:handle_request():144] handle_request: status_report
2023-05-30 02:06:30,716 DEBUG   HandlerThread:18552 [handler.py:handle_request():144] handle_request: status_report
2023-05-30 02:06:31,372 DEBUG   HandlerThread:18552 [handler.py:handle_request():144] handle_request: resume
2023-05-30 02:06:31,372 INFO    HandlerThread:18552 [handler.py:handle_request_resume():710] starting system metrics thread or process
2023-05-30 02:06:31,372 INFO    HandlerThread:18552 [system_monitor.py:start():181] Starting system monitor
2023-05-30 02:06:31,372 INFO    SystemMonitor:18552 [system_monitor.py:_start():145] Starting system asset monitoring threads
2023-05-30 02:06:31,373 INFO    SystemMonitor:18552 [interfaces.py:start():190] Started cpu monitoring
2023-05-30 02:06:31,373 INFO    SystemMonitor:18552 [interfaces.py:start():190] Started disk monitoring
2023-05-30 02:06:31,374 INFO    SystemMonitor:18552 [interfaces.py:start():190] Started gpu monitoring
2023-05-30 02:06:31,374 INFO    SystemMonitor:18552 [interfaces.py:start():190] Started memory monitoring
2023-05-30 02:06:31,374 INFO    SystemMonitor:18552 [interfaces.py:start():190] Started network monitoring
2023-05-30 02:06:35,301 INFO    Thread-12 :18552 [dir_watcher.py:_on_file_modified():295] file/dir modified: /home/lazarev/disk/lazarev/study/nlp/Sentiment_ANALysis/wandb/run-20230530_020046-qz1nbgc6/files/output.log
2023-05-30 02:06:35,904 DEBUG   HandlerThread:18552 [handler.py:handle_request():144] handle_request: status_report
2023-05-30 02:06:37,302 INFO    Thread-12 :18552 [dir_watcher.py:_on_file_modified():295] file/dir modified: /home/lazarev/disk/lazarev/study/nlp/Sentiment_ANALysis/wandb/run-20230530_020046-qz1nbgc6/files/output.log
2023-05-30 02:06:37,549 DEBUG   HandlerThread:18552 [handler.py:handle_request():144] handle_request: stop_status
2023-05-30 02:06:37,549 DEBUG   SenderThread:18552 [sender.py:send_request():402] send_request: stop_status
2023-05-30 02:06:38,844 DEBUG   HandlerThread:18552 [handler.py:handle_request():144] handle_request: pause
2023-05-30 02:06:38,844 INFO    HandlerThread:18552 [handler.py:handle_request_pause():719] stopping system metrics thread or process
2023-05-30 02:06:38,844 INFO    HandlerThread:18552 [system_monitor.py:finish():190] Stopping system monitor
2023-05-30 02:06:38,845 DEBUG   SystemMonitor:18552 [system_monitor.py:_start():159] Starting system metrics aggregation loop
2023-05-30 02:06:38,845 INFO    HandlerThread:18552 [interfaces.py:finish():202] Joined cpu monitor
2023-05-30 02:06:38,845 DEBUG   SystemMonitor:18552 [system_monitor.py:_start():166] Finished system metrics aggregation loop
2023-05-30 02:06:38,845 INFO    HandlerThread:18552 [interfaces.py:finish():202] Joined disk monitor
2023-05-30 02:06:38,845 DEBUG   SystemMonitor:18552 [system_monitor.py:_start():170] Publishing last batch of metrics
2023-05-30 02:06:38,866 INFO    HandlerThread:18552 [interfaces.py:finish():202] Joined gpu monitor
2023-05-30 02:06:38,866 INFO    HandlerThread:18552 [interfaces.py:finish():202] Joined memory monitor
2023-05-30 02:06:38,866 INFO    HandlerThread:18552 [interfaces.py:finish():202] Joined network monitor
2023-05-30 02:06:38,866 DEBUG   SenderThread:18552 [sender.py:send():375] send: stats
2023-05-30 02:06:39,302 INFO    Thread-12 :18552 [dir_watcher.py:_on_file_modified():295] file/dir modified: /home/lazarev/disk/lazarev/study/nlp/Sentiment_ANALysis/wandb/run-20230530_020046-qz1nbgc6/files/output.log
2023-05-30 02:06:41,867 DEBUG   HandlerThread:18552 [handler.py:handle_request():144] handle_request: status_report
2023-05-30 02:06:46,868 DEBUG   HandlerThread:18552 [handler.py:handle_request():144] handle_request: status_report
2023-05-30 02:06:51,869 DEBUG   HandlerThread:18552 [handler.py:handle_request():144] handle_request: status_report
2023-05-30 02:06:52,549 DEBUG   HandlerThread:18552 [handler.py:handle_request():144] handle_request: stop_status
2023-05-30 02:06:52,549 DEBUG   SenderThread:18552 [sender.py:send_request():402] send_request: stop_status
2023-05-30 02:06:57,722 DEBUG   HandlerThread:18552 [handler.py:handle_request():144] handle_request: status_report
2023-05-30 02:07:02,723 DEBUG   HandlerThread:18552 [handler.py:handle_request():144] handle_request: status_report
2023-05-30 02:07:07,549 DEBUG   HandlerThread:18552 [handler.py:handle_request():144] handle_request: stop_status
2023-05-30 02:07:07,549 DEBUG   SenderThread:18552 [sender.py:send_request():402] send_request: stop_status
2023-05-30 02:07:08,714 DEBUG   HandlerThread:18552 [handler.py:handle_request():144] handle_request: status_report
2023-05-30 02:07:11,311 INFO    Thread-12 :18552 [dir_watcher.py:_on_file_modified():295] file/dir modified: /home/lazarev/disk/lazarev/study/nlp/Sentiment_ANALysis/wandb/run-20230530_020046-qz1nbgc6/files/output.log
2023-05-30 02:07:14,431 DEBUG   HandlerThread:18552 [handler.py:handle_request():144] handle_request: status_report
2023-05-30 02:07:19,431 DEBUG   HandlerThread:18552 [handler.py:handle_request():144] handle_request: status_report
2023-05-30 02:07:22,549 DEBUG   HandlerThread:18552 [handler.py:handle_request():144] handle_request: stop_status
2023-05-30 02:07:22,550 DEBUG   SenderThread:18552 [sender.py:send_request():402] send_request: stop_status
2023-05-30 02:07:24,708 DEBUG   HandlerThread:18552 [handler.py:handle_request():144] handle_request: status_report
2023-05-30 02:07:29,709 DEBUG   HandlerThread:18552 [handler.py:handle_request():144] handle_request: status_report
2023-05-30 02:07:34,710 DEBUG   HandlerThread:18552 [handler.py:handle_request():144] handle_request: status_report
2023-05-30 02:07:37,549 DEBUG   HandlerThread:18552 [handler.py:handle_request():144] handle_request: stop_status
2023-05-30 02:07:37,550 DEBUG   SenderThread:18552 [sender.py:send_request():402] send_request: stop_status
2023-05-30 02:07:39,715 DEBUG   HandlerThread:18552 [handler.py:handle_request():144] handle_request: status_report
2023-05-30 02:07:44,321 INFO    Thread-12 :18552 [dir_watcher.py:_on_file_modified():295] file/dir modified: /home/lazarev/disk/lazarev/study/nlp/Sentiment_ANALysis/wandb/run-20230530_020046-qz1nbgc6/files/output.log
2023-05-30 02:07:45,464 DEBUG   HandlerThread:18552 [handler.py:handle_request():144] handle_request: status_report
2023-05-30 02:07:50,464 DEBUG   HandlerThread:18552 [handler.py:handle_request():144] handle_request: status_report
2023-05-30 02:07:52,549 DEBUG   HandlerThread:18552 [handler.py:handle_request():144] handle_request: stop_status
2023-05-30 02:07:52,550 DEBUG   SenderThread:18552 [sender.py:send_request():402] send_request: stop_status
2023-05-30 02:07:55,713 DEBUG   HandlerThread:18552 [handler.py:handle_request():144] handle_request: status_report
2023-05-30 02:08:00,713 DEBUG   HandlerThread:18552 [handler.py:handle_request():144] handle_request: status_report
2023-05-30 02:08:05,714 DEBUG   HandlerThread:18552 [handler.py:handle_request():144] handle_request: status_report
2023-05-30 02:08:07,549 DEBUG   HandlerThread:18552 [handler.py:handle_request():144] handle_request: stop_status
2023-05-30 02:08:07,550 DEBUG   SenderThread:18552 [sender.py:send_request():402] send_request: stop_status
2023-05-30 02:08:10,715 DEBUG   HandlerThread:18552 [handler.py:handle_request():144] handle_request: status_report
2023-05-30 02:08:16,330 INFO    Thread-12 :18552 [dir_watcher.py:_on_file_modified():295] file/dir modified: /home/lazarev/disk/lazarev/study/nlp/Sentiment_ANALysis/wandb/run-20230530_020046-qz1nbgc6/files/output.log
2023-05-30 02:08:16,492 DEBUG   HandlerThread:18552 [handler.py:handle_request():144] handle_request: status_report
2023-05-30 02:08:21,493 DEBUG   HandlerThread:18552 [handler.py:handle_request():144] handle_request: status_report
2023-05-30 02:08:22,549 DEBUG   HandlerThread:18552 [handler.py:handle_request():144] handle_request: stop_status
2023-05-30 02:08:22,550 DEBUG   SenderThread:18552 [sender.py:send_request():402] send_request: stop_status
2023-05-30 02:08:26,711 DEBUG   HandlerThread:18552 [handler.py:handle_request():144] handle_request: status_report
2023-05-30 02:08:31,711 DEBUG   HandlerThread:18552 [handler.py:handle_request():144] handle_request: status_report
2023-05-30 02:08:35,632 DEBUG   HandlerThread:18552 [handler.py:handle_request():144] handle_request: resume
2023-05-30 02:08:35,632 INFO    HandlerThread:18552 [handler.py:handle_request_resume():710] starting system metrics thread or process
2023-05-30 02:08:35,632 INFO    HandlerThread:18552 [system_monitor.py:start():181] Starting system monitor
2023-05-30 02:08:35,633 INFO    SystemMonitor:18552 [system_monitor.py:_start():145] Starting system asset monitoring threads
2023-05-30 02:08:35,633 INFO    SystemMonitor:18552 [interfaces.py:start():190] Started cpu monitoring
2023-05-30 02:08:35,633 INFO    SystemMonitor:18552 [interfaces.py:start():190] Started disk monitoring
2023-05-30 02:08:35,634 INFO    SystemMonitor:18552 [interfaces.py:start():190] Started gpu monitoring
2023-05-30 02:08:35,634 INFO    SystemMonitor:18552 [interfaces.py:start():190] Started memory monitoring
2023-05-30 02:08:35,635 INFO    SystemMonitor:18552 [interfaces.py:start():190] Started network monitoring
2023-05-30 02:08:36,712 DEBUG   HandlerThread:18552 [handler.py:handle_request():144] handle_request: status_report
2023-05-30 02:08:37,550 DEBUG   HandlerThread:18552 [handler.py:handle_request():144] handle_request: stop_status
2023-05-30 02:08:37,550 DEBUG   SenderThread:18552 [sender.py:send_request():402] send_request: stop_status
2023-05-30 02:08:40,337 INFO    Thread-12 :18552 [dir_watcher.py:_on_file_modified():295] file/dir modified: /home/lazarev/disk/lazarev/study/nlp/Sentiment_ANALysis/wandb/run-20230530_020046-qz1nbgc6/files/output.log
2023-05-30 02:08:41,814 DEBUG   HandlerThread:18552 [handler.py:handle_request():144] handle_request: pause
2023-05-30 02:08:41,814 INFO    HandlerThread:18552 [handler.py:handle_request_pause():719] stopping system metrics thread or process
2023-05-30 02:08:41,814 INFO    HandlerThread:18552 [system_monitor.py:finish():190] Stopping system monitor
2023-05-30 02:08:41,815 DEBUG   SystemMonitor:18552 [system_monitor.py:_start():159] Starting system metrics aggregation loop
2023-05-30 02:08:41,815 INFO    HandlerThread:18552 [interfaces.py:finish():202] Joined cpu monitor
2023-05-30 02:08:41,815 DEBUG   SystemMonitor:18552 [system_monitor.py:_start():166] Finished system metrics aggregation loop
2023-05-30 02:08:41,815 INFO    HandlerThread:18552 [interfaces.py:finish():202] Joined disk monitor
2023-05-30 02:08:41,815 DEBUG   SystemMonitor:18552 [system_monitor.py:_start():170] Publishing last batch of metrics
2023-05-30 02:08:41,835 INFO    HandlerThread:18552 [interfaces.py:finish():202] Joined gpu monitor
2023-05-30 02:08:41,835 INFO    HandlerThread:18552 [interfaces.py:finish():202] Joined memory monitor
2023-05-30 02:08:41,835 INFO    HandlerThread:18552 [interfaces.py:finish():202] Joined network monitor
2023-05-30 02:08:41,836 DEBUG   SenderThread:18552 [sender.py:send():375] send: stats
2023-05-30 02:08:41,836 DEBUG   HandlerThread:18552 [handler.py:handle_request():144] handle_request: status_report
2023-05-30 02:08:42,337 INFO    Thread-12 :18552 [dir_watcher.py:_on_file_modified():295] file/dir modified: /home/lazarev/disk/lazarev/study/nlp/Sentiment_ANALysis/wandb/run-20230530_020046-qz1nbgc6/files/output.log
2023-05-30 02:08:46,837 DEBUG   HandlerThread:18552 [handler.py:handle_request():144] handle_request: status_report
2023-05-30 02:08:51,837 DEBUG   HandlerThread:18552 [handler.py:handle_request():144] handle_request: status_report
2023-05-30 02:08:52,550 DEBUG   HandlerThread:18552 [handler.py:handle_request():144] handle_request: stop_status
2023-05-30 02:08:52,550 DEBUG   SenderThread:18552 [sender.py:send_request():402] send_request: stop_status
2023-05-30 02:08:57,716 DEBUG   HandlerThread:18552 [handler.py:handle_request():144] handle_request: status_report
2023-05-30 02:08:59,873 DEBUG   HandlerThread:18552 [handler.py:handle_request():144] handle_request: resume
2023-05-30 02:08:59,873 INFO    HandlerThread:18552 [handler.py:handle_request_resume():710] starting system metrics thread or process
2023-05-30 02:08:59,874 INFO    HandlerThread:18552 [system_monitor.py:start():181] Starting system monitor
2023-05-30 02:08:59,874 INFO    SystemMonitor:18552 [system_monitor.py:_start():145] Starting system asset monitoring threads
2023-05-30 02:08:59,874 INFO    SystemMonitor:18552 [interfaces.py:start():190] Started cpu monitoring
2023-05-30 02:08:59,874 INFO    SystemMonitor:18552 [interfaces.py:start():190] Started disk monitoring
2023-05-30 02:08:59,875 INFO    SystemMonitor:18552 [interfaces.py:start():190] Started gpu monitoring
2023-05-30 02:08:59,875 INFO    SystemMonitor:18552 [interfaces.py:start():190] Started memory monitoring
2023-05-30 02:08:59,876 INFO    SystemMonitor:18552 [interfaces.py:start():190] Started network monitoring
2023-05-30 02:09:00,713 DEBUG   HandlerThread:18552 [handler.py:handle_request():144] handle_request: pause
2023-05-30 02:09:00,713 INFO    HandlerThread:18552 [handler.py:handle_request_pause():719] stopping system metrics thread or process
2023-05-30 02:09:00,713 INFO    HandlerThread:18552 [system_monitor.py:finish():190] Stopping system monitor
2023-05-30 02:09:00,714 DEBUG   SystemMonitor:18552 [system_monitor.py:_start():159] Starting system metrics aggregation loop
2023-05-30 02:09:00,714 INFO    HandlerThread:18552 [interfaces.py:finish():202] Joined cpu monitor
2023-05-30 02:09:00,714 DEBUG   SystemMonitor:18552 [system_monitor.py:_start():166] Finished system metrics aggregation loop
2023-05-30 02:09:00,714 INFO    HandlerThread:18552 [interfaces.py:finish():202] Joined disk monitor
2023-05-30 02:09:00,715 DEBUG   SystemMonitor:18552 [system_monitor.py:_start():170] Publishing last batch of metrics
2023-05-30 02:09:00,734 INFO    HandlerThread:18552 [interfaces.py:finish():202] Joined gpu monitor
2023-05-30 02:09:00,734 INFO    HandlerThread:18552 [interfaces.py:finish():202] Joined memory monitor
2023-05-30 02:09:00,735 INFO    HandlerThread:18552 [interfaces.py:finish():202] Joined network monitor
2023-05-30 02:09:00,735 DEBUG   SenderThread:18552 [sender.py:send():375] send: stats
2023-05-30 02:09:02,343 INFO    Thread-12 :18552 [dir_watcher.py:_on_file_modified():295] file/dir modified: /home/lazarev/disk/lazarev/study/nlp/Sentiment_ANALysis/wandb/run-20230530_020046-qz1nbgc6/files/output.log
2023-05-30 02:09:02,897 DEBUG   HandlerThread:18552 [handler.py:handle_request():144] handle_request: status_report
2023-05-30 02:09:07,550 DEBUG   HandlerThread:18552 [handler.py:handle_request():144] handle_request: stop_status
2023-05-30 02:09:07,550 DEBUG   SenderThread:18552 [sender.py:send_request():402] send_request: stop_status
2023-05-30 02:09:08,714 DEBUG   HandlerThread:18552 [handler.py:handle_request():144] handle_request: status_report
2023-05-30 02:09:13,715 DEBUG   HandlerThread:18552 [handler.py:handle_request():144] handle_request: status_report
2023-05-30 02:09:18,716 DEBUG   HandlerThread:18552 [handler.py:handle_request():144] handle_request: status_report
2023-05-30 02:09:22,550 DEBUG   HandlerThread:18552 [handler.py:handle_request():144] handle_request: stop_status
2023-05-30 02:09:22,550 DEBUG   SenderThread:18552 [sender.py:send_request():402] send_request: stop_status
2023-05-30 02:09:24,716 DEBUG   HandlerThread:18552 [handler.py:handle_request():144] handle_request: status_report
2023-05-30 02:09:29,717 DEBUG   HandlerThread:18552 [handler.py:handle_request():144] handle_request: status_report
2023-05-30 02:09:34,353 INFO    Thread-12 :18552 [dir_watcher.py:_on_file_modified():295] file/dir modified: /home/lazarev/disk/lazarev/study/nlp/Sentiment_ANALysis/wandb/run-20230530_020046-qz1nbgc6/files/output.log
2023-05-30 02:09:35,588 DEBUG   HandlerThread:18552 [handler.py:handle_request():144] handle_request: status_report
2023-05-30 02:09:37,550 DEBUG   HandlerThread:18552 [handler.py:handle_request():144] handle_request: stop_status
2023-05-30 02:09:37,551 DEBUG   SenderThread:18552 [sender.py:send_request():402] send_request: stop_status
2023-05-30 02:09:40,710 DEBUG   HandlerThread:18552 [handler.py:handle_request():144] handle_request: status_report
2023-05-30 02:09:45,711 DEBUG   HandlerThread:18552 [handler.py:handle_request():144] handle_request: status_report
2023-05-30 02:09:50,712 DEBUG   HandlerThread:18552 [handler.py:handle_request():144] handle_request: status_report
2023-05-30 02:09:52,550 DEBUG   HandlerThread:18552 [handler.py:handle_request():144] handle_request: stop_status
2023-05-30 02:09:52,551 DEBUG   SenderThread:18552 [sender.py:send_request():402] send_request: stop_status
2023-05-30 02:09:55,714 DEBUG   HandlerThread:18552 [handler.py:handle_request():144] handle_request: status_report
2023-05-30 02:10:00,715 DEBUG   HandlerThread:18552 [handler.py:handle_request():144] handle_request: status_report
2023-05-30 02:10:06,362 INFO    Thread-12 :18552 [dir_watcher.py:_on_file_modified():295] file/dir modified: /home/lazarev/disk/lazarev/study/nlp/Sentiment_ANALysis/wandb/run-20230530_020046-qz1nbgc6/files/output.log
2023-05-30 02:10:06,626 DEBUG   HandlerThread:18552 [handler.py:handle_request():144] handle_request: status_report
2023-05-30 02:10:07,550 DEBUG   HandlerThread:18552 [handler.py:handle_request():144] handle_request: stop_status
2023-05-30 02:10:07,551 DEBUG   SenderThread:18552 [sender.py:send_request():402] send_request: stop_status
2023-05-30 02:10:11,718 DEBUG   HandlerThread:18552 [handler.py:handle_request():144] handle_request: status_report
2023-05-30 02:10:16,718 DEBUG   HandlerThread:18552 [handler.py:handle_request():144] handle_request: status_report
2023-05-30 02:10:21,719 DEBUG   HandlerThread:18552 [handler.py:handle_request():144] handle_request: status_report
2023-05-30 02:10:22,551 DEBUG   HandlerThread:18552 [handler.py:handle_request():144] handle_request: stop_status
2023-05-30 02:10:22,551 DEBUG   SenderThread:18552 [sender.py:send_request():402] send_request: stop_status
2023-05-30 02:10:27,711 DEBUG   HandlerThread:18552 [handler.py:handle_request():144] handle_request: status_report
2023-05-30 02:10:28,961 DEBUG   HandlerThread:18552 [handler.py:handle_request():144] handle_request: resume
2023-05-30 02:10:28,961 INFO    HandlerThread:18552 [handler.py:handle_request_resume():710] starting system metrics thread or process
2023-05-30 02:10:28,961 INFO    HandlerThread:18552 [system_monitor.py:start():181] Starting system monitor
2023-05-30 02:10:28,961 INFO    SystemMonitor:18552 [system_monitor.py:_start():145] Starting system asset monitoring threads
2023-05-30 02:10:28,962 INFO    SystemMonitor:18552 [interfaces.py:start():190] Started cpu monitoring
2023-05-30 02:10:28,962 INFO    SystemMonitor:18552 [interfaces.py:start():190] Started disk monitoring
2023-05-30 02:10:28,962 INFO    SystemMonitor:18552 [interfaces.py:start():190] Started gpu monitoring
2023-05-30 02:10:28,963 INFO    SystemMonitor:18552 [interfaces.py:start():190] Started memory monitoring
2023-05-30 02:10:28,963 INFO    SystemMonitor:18552 [interfaces.py:start():190] Started network monitoring
2023-05-30 02:10:31,898 DEBUG   HandlerThread:18552 [handler.py:handle_request():144] handle_request: pause
2023-05-30 02:10:31,898 INFO    HandlerThread:18552 [handler.py:handle_request_pause():719] stopping system metrics thread or process
2023-05-30 02:10:31,898 INFO    HandlerThread:18552 [system_monitor.py:finish():190] Stopping system monitor
2023-05-30 02:10:31,899 DEBUG   SystemMonitor:18552 [system_monitor.py:_start():159] Starting system metrics aggregation loop
2023-05-30 02:10:31,899 INFO    HandlerThread:18552 [interfaces.py:finish():202] Joined cpu monitor
2023-05-30 02:10:31,899 DEBUG   SystemMonitor:18552 [system_monitor.py:_start():166] Finished system metrics aggregation loop
2023-05-30 02:10:31,899 INFO    HandlerThread:18552 [interfaces.py:finish():202] Joined disk monitor
2023-05-30 02:10:31,900 DEBUG   SystemMonitor:18552 [system_monitor.py:_start():170] Publishing last batch of metrics
2023-05-30 02:10:31,919 INFO    HandlerThread:18552 [interfaces.py:finish():202] Joined gpu monitor
2023-05-30 02:10:31,920 INFO    HandlerThread:18552 [interfaces.py:finish():202] Joined memory monitor
2023-05-30 02:10:31,920 INFO    HandlerThread:18552 [interfaces.py:finish():202] Joined network monitor
2023-05-30 02:10:31,920 DEBUG   SenderThread:18552 [sender.py:send():375] send: stats
2023-05-30 02:10:32,921 DEBUG   HandlerThread:18552 [handler.py:handle_request():144] handle_request: status_report
2023-05-30 02:10:34,370 INFO    Thread-12 :18552 [dir_watcher.py:_on_file_modified():295] file/dir modified: /home/lazarev/disk/lazarev/study/nlp/Sentiment_ANALysis/wandb/run-20230530_020046-qz1nbgc6/files/output.log
2023-05-30 02:10:36,371 INFO    Thread-12 :18552 [dir_watcher.py:_on_file_modified():295] file/dir modified: /home/lazarev/disk/lazarev/study/nlp/Sentiment_ANALysis/wandb/run-20230530_020046-qz1nbgc6/files/output.log
2023-05-30 02:10:37,551 DEBUG   HandlerThread:18552 [handler.py:handle_request():144] handle_request: stop_status
2023-05-30 02:10:37,551 DEBUG   SenderThread:18552 [sender.py:send_request():402] send_request: stop_status
2023-05-30 02:10:38,712 DEBUG   HandlerThread:18552 [handler.py:handle_request():144] handle_request: status_report
2023-05-30 02:10:43,713 DEBUG   HandlerThread:18552 [handler.py:handle_request():144] handle_request: status_report
2023-05-30 02:10:48,714 DEBUG   HandlerThread:18552 [handler.py:handle_request():144] handle_request: status_report
2023-05-30 02:10:52,551 DEBUG   HandlerThread:18552 [handler.py:handle_request():144] handle_request: stop_status
2023-05-30 02:10:52,551 DEBUG   SenderThread:18552 [sender.py:send_request():402] send_request: stop_status
2023-05-30 02:10:53,715 DEBUG   HandlerThread:18552 [handler.py:handle_request():144] handle_request: status_report
2023-05-30 02:10:58,715 DEBUG   HandlerThread:18552 [handler.py:handle_request():144] handle_request: status_report
2023-05-30 02:11:03,716 DEBUG   HandlerThread:18552 [handler.py:handle_request():144] handle_request: status_report
2023-05-30 02:11:07,551 DEBUG   HandlerThread:18552 [handler.py:handle_request():144] handle_request: stop_status
2023-05-30 02:11:07,551 DEBUG   SenderThread:18552 [sender.py:send_request():402] send_request: stop_status
2023-05-30 02:11:08,381 INFO    Thread-12 :18552 [dir_watcher.py:_on_file_modified():295] file/dir modified: /home/lazarev/disk/lazarev/study/nlp/Sentiment_ANALysis/wandb/run-20230530_020046-qz1nbgc6/files/output.log
2023-05-30 02:11:09,708 DEBUG   HandlerThread:18552 [handler.py:handle_request():144] handle_request: status_report
2023-05-30 02:11:14,709 DEBUG   HandlerThread:18552 [handler.py:handle_request():144] handle_request: status_report
2023-05-30 02:11:19,709 DEBUG   HandlerThread:18552 [handler.py:handle_request():144] handle_request: status_report
2023-05-30 02:11:22,551 DEBUG   HandlerThread:18552 [handler.py:handle_request():144] handle_request: stop_status
2023-05-30 02:11:22,552 DEBUG   SenderThread:18552 [sender.py:send_request():402] send_request: stop_status
2023-05-30 02:11:24,721 DEBUG   HandlerThread:18552 [handler.py:handle_request():144] handle_request: status_report
2023-05-30 02:11:29,721 DEBUG   HandlerThread:18552 [handler.py:handle_request():144] handle_request: status_report
2023-05-30 02:11:34,722 DEBUG   HandlerThread:18552 [handler.py:handle_request():144] handle_request: status_report
2023-05-30 02:11:37,551 DEBUG   HandlerThread:18552 [handler.py:handle_request():144] handle_request: stop_status
2023-05-30 02:11:37,552 DEBUG   SenderThread:18552 [sender.py:send_request():402] send_request: stop_status
2023-05-30 02:11:39,729 DEBUG   HandlerThread:18552 [handler.py:handle_request():144] handle_request: status_report
2023-05-30 02:11:40,390 INFO    Thread-12 :18552 [dir_watcher.py:_on_file_modified():295] file/dir modified: /home/lazarev/disk/lazarev/study/nlp/Sentiment_ANALysis/wandb/run-20230530_020046-qz1nbgc6/files/output.log
2023-05-30 02:11:44,730 DEBUG   HandlerThread:18552 [handler.py:handle_request():144] handle_request: status_report
2023-05-30 02:11:49,731 DEBUG   HandlerThread:18552 [handler.py:handle_request():144] handle_request: status_report
2023-05-30 02:11:52,551 DEBUG   HandlerThread:18552 [handler.py:handle_request():144] handle_request: stop_status
2023-05-30 02:11:52,552 DEBUG   SenderThread:18552 [sender.py:send_request():402] send_request: stop_status
2023-05-30 02:11:55,710 DEBUG   HandlerThread:18552 [handler.py:handle_request():144] handle_request: status_report
2023-05-30 02:12:00,711 DEBUG   HandlerThread:18552 [handler.py:handle_request():144] handle_request: status_report
2023-05-30 02:12:05,712 DEBUG   HandlerThread:18552 [handler.py:handle_request():144] handle_request: status_report
2023-05-30 02:12:07,551 DEBUG   HandlerThread:18552 [handler.py:handle_request():144] handle_request: stop_status
2023-05-30 02:12:07,552 DEBUG   SenderThread:18552 [sender.py:send_request():402] send_request: stop_status
2023-05-30 02:12:10,772 DEBUG   HandlerThread:18552 [handler.py:handle_request():144] handle_request: status_report
2023-05-30 02:12:12,400 INFO    Thread-12 :18552 [dir_watcher.py:_on_file_modified():295] file/dir modified: /home/lazarev/disk/lazarev/study/nlp/Sentiment_ANALysis/wandb/run-20230530_020046-qz1nbgc6/files/output.log
2023-05-30 02:12:15,773 DEBUG   HandlerThread:18552 [handler.py:handle_request():144] handle_request: status_report
2023-05-30 02:12:20,774 DEBUG   HandlerThread:18552 [handler.py:handle_request():144] handle_request: status_report
2023-05-30 02:12:22,552 DEBUG   HandlerThread:18552 [handler.py:handle_request():144] handle_request: stop_status
2023-05-30 02:12:22,552 DEBUG   SenderThread:18552 [sender.py:send_request():402] send_request: stop_status
2023-05-30 02:12:26,719 DEBUG   HandlerThread:18552 [handler.py:handle_request():144] handle_request: status_report
2023-05-30 02:12:31,720 DEBUG   HandlerThread:18552 [handler.py:handle_request():144] handle_request: status_report
2023-05-30 02:12:36,721 DEBUG   HandlerThread:18552 [handler.py:handle_request():144] handle_request: status_report
2023-05-30 02:12:37,552 DEBUG   HandlerThread:18552 [handler.py:handle_request():144] handle_request: stop_status
2023-05-30 02:12:37,552 DEBUG   SenderThread:18552 [sender.py:send_request():402] send_request: stop_status
2023-05-30 02:12:41,806 DEBUG   HandlerThread:18552 [handler.py:handle_request():144] handle_request: status_report
2023-05-30 02:12:44,409 INFO    Thread-12 :18552 [dir_watcher.py:_on_file_modified():295] file/dir modified: /home/lazarev/disk/lazarev/study/nlp/Sentiment_ANALysis/wandb/run-20230530_020046-qz1nbgc6/files/output.log
2023-05-30 02:12:46,353 DEBUG   SenderThread:18552 [sender.py:send():375] send: exit
2023-05-30 02:12:46,353 INFO    SenderThread:18552 [sender.py:send_exit():598] handling exit code: 0
2023-05-30 02:12:46,353 INFO    SenderThread:18552 [sender.py:send_exit():600] handling runtime: 72
2023-05-30 02:12:46,353 INFO    SenderThread:18552 [sender.py:_save_file():1378] saving file wandb-summary.json with policy end
2023-05-30 02:12:46,354 INFO    SenderThread:18552 [sender.py:send_exit():606] send defer
2023-05-30 02:12:46,354 DEBUG   HandlerThread:18552 [handler.py:handle_request():144] handle_request: defer
2023-05-30 02:12:46,354 INFO    HandlerThread:18552 [handler.py:handle_request_defer():170] handle defer: 0
2023-05-30 02:12:46,354 DEBUG   SenderThread:18552 [sender.py:send_request():402] send_request: defer
2023-05-30 02:12:46,354 INFO    SenderThread:18552 [sender.py:send_request_defer():622] handle sender defer: 0
2023-05-30 02:12:46,354 INFO    SenderThread:18552 [sender.py:transition_state():626] send defer: 1
2023-05-30 02:12:46,354 DEBUG   HandlerThread:18552 [handler.py:handle_request():144] handle_request: defer
2023-05-30 02:12:46,354 INFO    HandlerThread:18552 [handler.py:handle_request_defer():170] handle defer: 1
2023-05-30 02:12:46,355 DEBUG   SenderThread:18552 [sender.py:send_request():402] send_request: defer
2023-05-30 02:12:46,355 INFO    SenderThread:18552 [sender.py:send_request_defer():622] handle sender defer: 1
2023-05-30 02:12:46,355 INFO    SenderThread:18552 [sender.py:transition_state():626] send defer: 2
2023-05-30 02:12:46,355 DEBUG   HandlerThread:18552 [handler.py:handle_request():144] handle_request: defer
2023-05-30 02:12:46,355 INFO    HandlerThread:18552 [handler.py:handle_request_defer():170] handle defer: 2
2023-05-30 02:12:46,355 DEBUG   SenderThread:18552 [sender.py:send_request():402] send_request: defer
2023-05-30 02:12:46,355 INFO    SenderThread:18552 [sender.py:send_request_defer():622] handle sender defer: 2
2023-05-30 02:12:46,355 INFO    SenderThread:18552 [sender.py:transition_state():626] send defer: 3
2023-05-30 02:12:46,355 DEBUG   HandlerThread:18552 [handler.py:handle_request():144] handle_request: defer
2023-05-30 02:12:46,355 INFO    HandlerThread:18552 [handler.py:handle_request_defer():170] handle defer: 3
2023-05-30 02:12:46,355 DEBUG   SenderThread:18552 [sender.py:send_request():402] send_request: defer
2023-05-30 02:12:46,355 INFO    SenderThread:18552 [sender.py:send_request_defer():622] handle sender defer: 3
2023-05-30 02:12:46,355 INFO    SenderThread:18552 [sender.py:transition_state():626] send defer: 4
2023-05-30 02:12:46,355 DEBUG   HandlerThread:18552 [handler.py:handle_request():144] handle_request: defer
2023-05-30 02:12:46,355 INFO    HandlerThread:18552 [handler.py:handle_request_defer():170] handle defer: 4
2023-05-30 02:12:46,355 DEBUG   SenderThread:18552 [sender.py:send_request():402] send_request: defer
2023-05-30 02:12:46,355 INFO    SenderThread:18552 [sender.py:send_request_defer():622] handle sender defer: 4
2023-05-30 02:12:46,356 INFO    SenderThread:18552 [sender.py:transition_state():626] send defer: 5
2023-05-30 02:12:46,356 DEBUG   HandlerThread:18552 [handler.py:handle_request():144] handle_request: defer
2023-05-30 02:12:46,356 INFO    HandlerThread:18552 [handler.py:handle_request_defer():170] handle defer: 5
2023-05-30 02:12:46,361 DEBUG   SenderThread:18552 [sender.py:send():375] send: summary
2023-05-30 02:12:46,364 INFO    SenderThread:18552 [sender.py:_save_file():1378] saving file wandb-summary.json with policy end
2023-05-30 02:12:46,364 DEBUG   SenderThread:18552 [sender.py:send_request():402] send_request: defer
2023-05-30 02:12:46,364 INFO    SenderThread:18552 [sender.py:send_request_defer():622] handle sender defer: 5
2023-05-30 02:12:46,364 INFO    SenderThread:18552 [sender.py:transition_state():626] send defer: 6
2023-05-30 02:12:46,364 DEBUG   HandlerThread:18552 [handler.py:handle_request():144] handle_request: defer
2023-05-30 02:12:46,364 INFO    HandlerThread:18552 [handler.py:handle_request_defer():170] handle defer: 6
2023-05-30 02:12:46,364 DEBUG   SenderThread:18552 [sender.py:send_request():402] send_request: defer
2023-05-30 02:12:46,364 INFO    SenderThread:18552 [sender.py:send_request_defer():622] handle sender defer: 6
2023-05-30 02:12:46,364 INFO    SenderThread:18552 [sender.py:transition_state():626] send defer: 7
2023-05-30 02:12:46,364 DEBUG   HandlerThread:18552 [handler.py:handle_request():144] handle_request: status_report
2023-05-30 02:12:46,365 DEBUG   HandlerThread:18552 [handler.py:handle_request():144] handle_request: defer
2023-05-30 02:12:46,365 INFO    HandlerThread:18552 [handler.py:handle_request_defer():170] handle defer: 7
2023-05-30 02:12:46,365 DEBUG   SenderThread:18552 [sender.py:send_request():402] send_request: defer
2023-05-30 02:12:46,365 INFO    SenderThread:18552 [sender.py:send_request_defer():622] handle sender defer: 7
2023-05-30 02:12:46,410 INFO    Thread-12 :18552 [dir_watcher.py:_on_file_modified():295] file/dir modified: /home/lazarev/disk/lazarev/study/nlp/Sentiment_ANALysis/wandb/run-20230530_020046-qz1nbgc6/files/wandb-summary.json
2023-05-30 02:12:47,353 DEBUG   HandlerThread:18552 [handler.py:handle_request():144] handle_request: poll_exit
2023-05-30 02:12:47,686 INFO    SenderThread:18552 [sender.py:transition_state():626] send defer: 8
2023-05-30 02:12:47,687 DEBUG   SenderThread:18552 [sender.py:send_request():402] send_request: poll_exit
2023-05-30 02:12:47,687 DEBUG   HandlerThread:18552 [handler.py:handle_request():144] handle_request: defer
2023-05-30 02:12:47,687 INFO    HandlerThread:18552 [handler.py:handle_request_defer():170] handle defer: 8
2023-05-30 02:12:47,687 DEBUG   SenderThread:18552 [sender.py:send_request():402] send_request: defer
2023-05-30 02:12:47,687 INFO    SenderThread:18552 [sender.py:send_request_defer():622] handle sender defer: 8
2023-05-30 02:12:47,688 INFO    SenderThread:18552 [sender.py:transition_state():626] send defer: 9
2023-05-30 02:12:47,688 DEBUG   HandlerThread:18552 [handler.py:handle_request():144] handle_request: defer
2023-05-30 02:12:47,688 INFO    HandlerThread:18552 [handler.py:handle_request_defer():170] handle defer: 9
2023-05-30 02:12:47,688 DEBUG   SenderThread:18552 [sender.py:send_request():402] send_request: defer
2023-05-30 02:12:47,688 INFO    SenderThread:18552 [sender.py:send_request_defer():622] handle sender defer: 9
2023-05-30 02:12:47,688 INFO    SenderThread:18552 [dir_watcher.py:finish():365] shutting down directory watcher
2023-05-30 02:12:48,354 DEBUG   HandlerThread:18552 [handler.py:handle_request():144] handle_request: poll_exit
2023-05-30 02:12:48,410 INFO    SenderThread:18552 [dir_watcher.py:_on_file_modified():295] file/dir modified: /home/lazarev/disk/lazarev/study/nlp/Sentiment_ANALysis/wandb/run-20230530_020046-qz1nbgc6/files/output.log
2023-05-30 02:12:48,411 INFO    SenderThread:18552 [dir_watcher.py:finish():395] scan: /home/lazarev/disk/lazarev/study/nlp/Sentiment_ANALysis/wandb/run-20230530_020046-qz1nbgc6/files
2023-05-30 02:12:48,411 INFO    SenderThread:18552 [dir_watcher.py:finish():409] scan save: /home/lazarev/disk/lazarev/study/nlp/Sentiment_ANALysis/wandb/run-20230530_020046-qz1nbgc6/files/wandb-summary.json wandb-summary.json
2023-05-30 02:12:48,411 INFO    SenderThread:18552 [dir_watcher.py:finish():409] scan save: /home/lazarev/disk/lazarev/study/nlp/Sentiment_ANALysis/wandb/run-20230530_020046-qz1nbgc6/files/requirements.txt requirements.txt
2023-05-30 02:12:48,411 INFO    SenderThread:18552 [dir_watcher.py:finish():409] scan save: /home/lazarev/disk/lazarev/study/nlp/Sentiment_ANALysis/wandb/run-20230530_020046-qz1nbgc6/files/config.yaml config.yaml
2023-05-30 02:12:48,415 INFO    SenderThread:18552 [dir_watcher.py:finish():409] scan save: /home/lazarev/disk/lazarev/study/nlp/Sentiment_ANALysis/wandb/run-20230530_020046-qz1nbgc6/files/wandb-metadata.json wandb-metadata.json
2023-05-30 02:12:48,416 INFO    SenderThread:18552 [dir_watcher.py:finish():409] scan save: /home/lazarev/disk/lazarev/study/nlp/Sentiment_ANALysis/wandb/run-20230530_020046-qz1nbgc6/files/output.log output.log
2023-05-30 02:12:48,416 INFO    SenderThread:18552 [dir_watcher.py:finish():409] scan save: /home/lazarev/disk/lazarev/study/nlp/Sentiment_ANALysis/wandb/run-20230530_020046-qz1nbgc6/files/conda-environment.yaml conda-environment.yaml
2023-05-30 02:12:48,416 INFO    SenderThread:18552 [sender.py:transition_state():626] send defer: 10
2023-05-30 02:12:48,416 DEBUG   SenderThread:18552 [sender.py:send_request():402] send_request: poll_exit
2023-05-30 02:12:48,417 DEBUG   HandlerThread:18552 [handler.py:handle_request():144] handle_request: defer
2023-05-30 02:12:48,423 INFO    HandlerThread:18552 [handler.py:handle_request_defer():170] handle defer: 10
2023-05-30 02:12:48,424 DEBUG   SenderThread:18552 [sender.py:send_request():402] send_request: defer
2023-05-30 02:12:48,424 INFO    SenderThread:18552 [sender.py:send_request_defer():622] handle sender defer: 10
2023-05-30 02:12:48,424 INFO    SenderThread:18552 [file_pusher.py:finish():168] shutting down file pusher
2023-05-30 02:12:48,584 ERROR   Thread-11 :18552 [step_upload.py:_handle_event():196] Failed to upload file: /home/lazarev/disk/lazarev/study/nlp/Sentiment_ANALysis/wandb/run-20230530_020046-qz1nbgc6/files/wandb-summary.json
Traceback (most recent call last):
  File "/home/lazarev/disk/lazarev/miniconda3/envs/ftcp/lib/python3.9/site-packages/wandb/apis/normalize.py", line 41, in wrapper
    return func(*args, **kwargs)
  File "/home/lazarev/disk/lazarev/miniconda3/envs/ftcp/lib/python3.9/site-packages/wandb/sdk/internal/internal_api.py", line 1859, in upload_urls
    run_obj = query_result["model"]["bucket"]
TypeError: 'NoneType' object is not subscriptable

During handling of the above exception, another exception occurred:

Traceback (most recent call last):
  File "/home/lazarev/disk/lazarev/miniconda3/envs/ftcp/lib/python3.9/concurrent/futures/thread.py", line 58, in run
    result = self.fn(*self.args, **self.kwargs)
  File "/home/lazarev/disk/lazarev/miniconda3/envs/ftcp/lib/python3.9/site-packages/wandb/filesync/step_upload.py", line 284, in run_and_notify
    self._do_upload_sync(event)
  File "/home/lazarev/disk/lazarev/miniconda3/envs/ftcp/lib/python3.9/site-packages/wandb/filesync/step_upload.py", line 330, in _do_upload_sync
    job.run()
  File "/home/lazarev/disk/lazarev/miniconda3/envs/ftcp/lib/python3.9/site-packages/wandb/filesync/upload_job.py", line 61, in run
    self.push()
  File "/home/lazarev/disk/lazarev/miniconda3/envs/ftcp/lib/python3.9/site-packages/wandb/filesync/upload_job.py", line 112, in push
    _, upload_headers, result = self._api.upload_urls(project, [self.save_name])
  File "/home/lazarev/disk/lazarev/miniconda3/envs/ftcp/lib/python3.9/site-packages/wandb/apis/normalize.py", line 87, in wrapper
    raise CommError(message, err).with_traceback(sys.exc_info()[2])
  File "/home/lazarev/disk/lazarev/miniconda3/envs/ftcp/lib/python3.9/site-packages/wandb/apis/normalize.py", line 41, in wrapper
    return func(*args, **kwargs)
  File "/home/lazarev/disk/lazarev/miniconda3/envs/ftcp/lib/python3.9/site-packages/wandb/sdk/internal/internal_api.py", line 1859, in upload_urls
    run_obj = query_result["model"]["bucket"]
wandb.errors.CommError: 'NoneType' object is not subscriptable
2023-05-30 02:12:48,642 ERROR   Thread-11 :18552 [step_upload.py:_handle_event():196] Failed to upload file: /home/lazarev/disk/lazarev/study/nlp/Sentiment_ANALysis/wandb/run-20230530_020046-qz1nbgc6/files/config.yaml
Traceback (most recent call last):
  File "/home/lazarev/disk/lazarev/miniconda3/envs/ftcp/lib/python3.9/site-packages/wandb/apis/normalize.py", line 41, in wrapper
    return func(*args, **kwargs)
  File "/home/lazarev/disk/lazarev/miniconda3/envs/ftcp/lib/python3.9/site-packages/wandb/sdk/internal/internal_api.py", line 1859, in upload_urls
    run_obj = query_result["model"]["bucket"]
TypeError: 'NoneType' object is not subscriptable

During handling of the above exception, another exception occurred:

Traceback (most recent call last):
  File "/home/lazarev/disk/lazarev/miniconda3/envs/ftcp/lib/python3.9/concurrent/futures/thread.py", line 58, in run
    result = self.fn(*self.args, **self.kwargs)
  File "/home/lazarev/disk/lazarev/miniconda3/envs/ftcp/lib/python3.9/site-packages/wandb/filesync/step_upload.py", line 284, in run_and_notify
    self._do_upload_sync(event)
  File "/home/lazarev/disk/lazarev/miniconda3/envs/ftcp/lib/python3.9/site-packages/wandb/filesync/step_upload.py", line 330, in _do_upload_sync
    job.run()
  File "/home/lazarev/disk/lazarev/miniconda3/envs/ftcp/lib/python3.9/site-packages/wandb/filesync/upload_job.py", line 61, in run
    self.push()
  File "/home/lazarev/disk/lazarev/miniconda3/envs/ftcp/lib/python3.9/site-packages/wandb/filesync/upload_job.py", line 112, in push
    _, upload_headers, result = self._api.upload_urls(project, [self.save_name])
  File "/home/lazarev/disk/lazarev/miniconda3/envs/ftcp/lib/python3.9/site-packages/wandb/apis/normalize.py", line 87, in wrapper
    raise CommError(message, err).with_traceback(sys.exc_info()[2])
  File "/home/lazarev/disk/lazarev/miniconda3/envs/ftcp/lib/python3.9/site-packages/wandb/apis/normalize.py", line 41, in wrapper
    return func(*args, **kwargs)
  File "/home/lazarev/disk/lazarev/miniconda3/envs/ftcp/lib/python3.9/site-packages/wandb/sdk/internal/internal_api.py", line 1859, in upload_urls
    run_obj = query_result["model"]["bucket"]
wandb.errors.CommError: 'NoneType' object is not subscriptable
2023-05-30 02:12:48,643 ERROR   Thread-11 :18552 [step_upload.py:_handle_event():196] Failed to upload file: /home/lazarev/disk/lazarev/study/nlp/Sentiment_ANALysis/wandb/run-20230530_020046-qz1nbgc6/files/conda-environment.yaml
Traceback (most recent call last):
  File "/home/lazarev/disk/lazarev/miniconda3/envs/ftcp/lib/python3.9/site-packages/wandb/apis/normalize.py", line 41, in wrapper
    return func(*args, **kwargs)
  File "/home/lazarev/disk/lazarev/miniconda3/envs/ftcp/lib/python3.9/site-packages/wandb/sdk/internal/internal_api.py", line 1859, in upload_urls
    run_obj = query_result["model"]["bucket"]
TypeError: 'NoneType' object is not subscriptable

During handling of the above exception, another exception occurred:

Traceback (most recent call last):
  File "/home/lazarev/disk/lazarev/miniconda3/envs/ftcp/lib/python3.9/concurrent/futures/thread.py", line 58, in run
    result = self.fn(*self.args, **self.kwargs)
  File "/home/lazarev/disk/lazarev/miniconda3/envs/ftcp/lib/python3.9/site-packages/wandb/filesync/step_upload.py", line 284, in run_and_notify
    self._do_upload_sync(event)
  File "/home/lazarev/disk/lazarev/miniconda3/envs/ftcp/lib/python3.9/site-packages/wandb/filesync/step_upload.py", line 330, in _do_upload_sync
    job.run()
  File "/home/lazarev/disk/lazarev/miniconda3/envs/ftcp/lib/python3.9/site-packages/wandb/filesync/upload_job.py", line 61, in run
    self.push()
  File "/home/lazarev/disk/lazarev/miniconda3/envs/ftcp/lib/python3.9/site-packages/wandb/filesync/upload_job.py", line 112, in push
    _, upload_headers, result = self._api.upload_urls(project, [self.save_name])
  File "/home/lazarev/disk/lazarev/miniconda3/envs/ftcp/lib/python3.9/site-packages/wandb/apis/normalize.py", line 87, in wrapper
    raise CommError(message, err).with_traceback(sys.exc_info()[2])
  File "/home/lazarev/disk/lazarev/miniconda3/envs/ftcp/lib/python3.9/site-packages/wandb/apis/normalize.py", line 41, in wrapper
    return func(*args, **kwargs)
  File "/home/lazarev/disk/lazarev/miniconda3/envs/ftcp/lib/python3.9/site-packages/wandb/sdk/internal/internal_api.py", line 1859, in upload_urls
    run_obj = query_result["model"]["bucket"]
wandb.errors.CommError: 'NoneType' object is not subscriptable
2023-05-30 02:12:48,643 ERROR   Thread-11 :18552 [step_upload.py:_handle_event():196] Failed to upload file: /home/lazarev/disk/lazarev/study/nlp/Sentiment_ANALysis/wandb/run-20230530_020046-qz1nbgc6/files/output.log
Traceback (most recent call last):
  File "/home/lazarev/disk/lazarev/miniconda3/envs/ftcp/lib/python3.9/site-packages/wandb/apis/normalize.py", line 41, in wrapper
    return func(*args, **kwargs)
  File "/home/lazarev/disk/lazarev/miniconda3/envs/ftcp/lib/python3.9/site-packages/wandb/sdk/internal/internal_api.py", line 1859, in upload_urls
    run_obj = query_result["model"]["bucket"]
TypeError: 'NoneType' object is not subscriptable

During handling of the above exception, another exception occurred:

Traceback (most recent call last):
  File "/home/lazarev/disk/lazarev/miniconda3/envs/ftcp/lib/python3.9/concurrent/futures/thread.py", line 58, in run
    result = self.fn(*self.args, **self.kwargs)
  File "/home/lazarev/disk/lazarev/miniconda3/envs/ftcp/lib/python3.9/site-packages/wandb/filesync/step_upload.py", line 284, in run_and_notify
    self._do_upload_sync(event)
  File "/home/lazarev/disk/lazarev/miniconda3/envs/ftcp/lib/python3.9/site-packages/wandb/filesync/step_upload.py", line 330, in _do_upload_sync
    job.run()
  File "/home/lazarev/disk/lazarev/miniconda3/envs/ftcp/lib/python3.9/site-packages/wandb/filesync/upload_job.py", line 61, in run
    self.push()
  File "/home/lazarev/disk/lazarev/miniconda3/envs/ftcp/lib/python3.9/site-packages/wandb/filesync/upload_job.py", line 112, in push
    _, upload_headers, result = self._api.upload_urls(project, [self.save_name])
  File "/home/lazarev/disk/lazarev/miniconda3/envs/ftcp/lib/python3.9/site-packages/wandb/apis/normalize.py", line 87, in wrapper
    raise CommError(message, err).with_traceback(sys.exc_info()[2])
  File "/home/lazarev/disk/lazarev/miniconda3/envs/ftcp/lib/python3.9/site-packages/wandb/apis/normalize.py", line 41, in wrapper
    return func(*args, **kwargs)
  File "/home/lazarev/disk/lazarev/miniconda3/envs/ftcp/lib/python3.9/site-packages/wandb/sdk/internal/internal_api.py", line 1859, in upload_urls
    run_obj = query_result["model"]["bucket"]
wandb.errors.CommError: 'NoneType' object is not subscriptable
2023-05-30 02:12:49,355 DEBUG   HandlerThread:18552 [handler.py:handle_request():144] handle_request: poll_exit
2023-05-30 02:12:49,356 DEBUG   SenderThread:18552 [sender.py:send_request():402] send_request: poll_exit
2023-05-30 02:12:49,656 ERROR   Thread-11 :18552 [step_upload.py:_handle_event():196] Failed to upload file: /home/lazarev/disk/lazarev/study/nlp/Sentiment_ANALysis/wandb/run-20230530_020046-qz1nbgc6/files/requirements.txt
Traceback (most recent call last):
  File "/home/lazarev/disk/lazarev/miniconda3/envs/ftcp/lib/python3.9/site-packages/wandb/apis/normalize.py", line 41, in wrapper
    return func(*args, **kwargs)
  File "/home/lazarev/disk/lazarev/miniconda3/envs/ftcp/lib/python3.9/site-packages/wandb/sdk/internal/internal_api.py", line 1859, in upload_urls
    run_obj = query_result["model"]["bucket"]
TypeError: 'NoneType' object is not subscriptable

During handling of the above exception, another exception occurred:

Traceback (most recent call last):
  File "/home/lazarev/disk/lazarev/miniconda3/envs/ftcp/lib/python3.9/concurrent/futures/thread.py", line 58, in run
    result = self.fn(*self.args, **self.kwargs)
  File "/home/lazarev/disk/lazarev/miniconda3/envs/ftcp/lib/python3.9/site-packages/wandb/filesync/step_upload.py", line 284, in run_and_notify
    self._do_upload_sync(event)
  File "/home/lazarev/disk/lazarev/miniconda3/envs/ftcp/lib/python3.9/site-packages/wandb/filesync/step_upload.py", line 330, in _do_upload_sync
    job.run()
  File "/home/lazarev/disk/lazarev/miniconda3/envs/ftcp/lib/python3.9/site-packages/wandb/filesync/upload_job.py", line 61, in run
    self.push()
  File "/home/lazarev/disk/lazarev/miniconda3/envs/ftcp/lib/python3.9/site-packages/wandb/filesync/upload_job.py", line 112, in push
    _, upload_headers, result = self._api.upload_urls(project, [self.save_name])
  File "/home/lazarev/disk/lazarev/miniconda3/envs/ftcp/lib/python3.9/site-packages/wandb/apis/normalize.py", line 87, in wrapper
    raise CommError(message, err).with_traceback(sys.exc_info()[2])
  File "/home/lazarev/disk/lazarev/miniconda3/envs/ftcp/lib/python3.9/site-packages/wandb/apis/normalize.py", line 41, in wrapper
    return func(*args, **kwargs)
  File "/home/lazarev/disk/lazarev/miniconda3/envs/ftcp/lib/python3.9/site-packages/wandb/sdk/internal/internal_api.py", line 1859, in upload_urls
    run_obj = query_result["model"]["bucket"]
wandb.errors.CommError: 'NoneType' object is not subscriptable
2023-05-30 02:12:49,856 INFO    Thread-11 :18552 [sender.py:transition_state():626] send defer: 11
2023-05-30 02:12:49,856 DEBUG   HandlerThread:18552 [handler.py:handle_request():144] handle_request: defer
2023-05-30 02:12:49,857 INFO    HandlerThread:18552 [handler.py:handle_request_defer():170] handle defer: 11
2023-05-30 02:12:49,857 DEBUG   SenderThread:18552 [sender.py:send_request():402] send_request: defer
2023-05-30 02:12:49,857 INFO    SenderThread:18552 [sender.py:send_request_defer():622] handle sender defer: 11
2023-05-30 02:12:49,857 INFO    SenderThread:18552 [file_pusher.py:join():173] waiting for file pusher
2023-05-30 02:12:49,857 INFO    SenderThread:18552 [sender.py:transition_state():626] send defer: 12
2023-05-30 02:12:49,857 DEBUG   HandlerThread:18552 [handler.py:handle_request():144] handle_request: defer
2023-05-30 02:12:49,857 INFO    HandlerThread:18552 [handler.py:handle_request_defer():170] handle defer: 12
2023-05-30 02:12:49,857 DEBUG   SenderThread:18552 [sender.py:send_request():402] send_request: defer
2023-05-30 02:12:49,857 INFO    SenderThread:18552 [sender.py:send_request_defer():622] handle sender defer: 12
2023-05-30 02:12:50,056 ERROR   FileStreamThread:18552 [file_stream.py:_thread_except_body():496] generic exception in filestream thread
Traceback (most recent call last):
  File "/home/lazarev/disk/lazarev/miniconda3/envs/ftcp/lib/python3.9/site-packages/wandb/sdk/internal/file_stream.py", line 492, in _thread_except_body
    self._thread_body()
  File "/home/lazarev/disk/lazarev/miniconda3/envs/ftcp/lib/python3.9/site-packages/wandb/sdk/internal/file_stream.py", line 448, in _thread_body
    success = self._send(ready_chunks, uploaded=uploaded)
  File "/home/lazarev/disk/lazarev/miniconda3/envs/ftcp/lib/python3.9/site-packages/wandb/sdk/internal/file_stream.py", line 537, in _send
    self._handle_response(
  File "/home/lazarev/disk/lazarev/miniconda3/envs/ftcp/lib/python3.9/site-packages/wandb/sdk/internal/file_stream.py", line 503, in _handle_response
    wandb.termerror(
  File "/home/lazarev/disk/lazarev/miniconda3/envs/ftcp/lib/python3.9/site-packages/wandb/errors/term.py", line 61, in termerror
    _log(
  File "/home/lazarev/disk/lazarev/miniconda3/envs/ftcp/lib/python3.9/site-packages/wandb/errors/term.py", line 95, in _log
    click.echo(line, file=sys.stderr, nl=newline)
  File "/home/lazarev/disk/lazarev/miniconda3/envs/ftcp/lib/python3.9/site-packages/click/utils.py", line 299, in echo
    file.write(out)  # type: ignore
BrokenPipeError: [Errno 32] Broken pipe
2023-05-30 02:12:50,230 ERROR   SenderThread:18552 [file_stream.py:finish():601] FileStream exception
Traceback (most recent call last):
  File "/home/lazarev/disk/lazarev/miniconda3/envs/ftcp/lib/python3.9/site-packages/wandb/sdk/internal/file_stream.py", line 492, in _thread_except_body
    self._thread_body()
  File "/home/lazarev/disk/lazarev/miniconda3/envs/ftcp/lib/python3.9/site-packages/wandb/sdk/internal/file_stream.py", line 448, in _thread_body
    success = self._send(ready_chunks, uploaded=uploaded)
  File "/home/lazarev/disk/lazarev/miniconda3/envs/ftcp/lib/python3.9/site-packages/wandb/sdk/internal/file_stream.py", line 537, in _send
    self._handle_response(
  File "/home/lazarev/disk/lazarev/miniconda3/envs/ftcp/lib/python3.9/site-packages/wandb/sdk/internal/file_stream.py", line 503, in _handle_response
    wandb.termerror(
  File "/home/lazarev/disk/lazarev/miniconda3/envs/ftcp/lib/python3.9/site-packages/wandb/errors/term.py", line 61, in termerror
    _log(
  File "/home/lazarev/disk/lazarev/miniconda3/envs/ftcp/lib/python3.9/site-packages/wandb/errors/term.py", line 95, in _log
    click.echo(line, file=sys.stderr, nl=newline)
  File "/home/lazarev/disk/lazarev/miniconda3/envs/ftcp/lib/python3.9/site-packages/click/utils.py", line 299, in echo
    file.write(out)  # type: ignore
BrokenPipeError: [Errno 32] Broken pipe
2023-05-30 02:12:50,857 INFO    HandlerThread:18552 [handler.py:finish():845] shutting down handler
2023-05-30 02:12:50,858 INFO    WriterThread:18552 [datastore.py:close():298] close: /home/lazarev/disk/lazarev/study/nlp/Sentiment_ANALysis/wandb/run-20230530_020046-qz1nbgc6/run-qz1nbgc6.wandb
2023-05-30 02:12:50,858 ERROR   StreamThr :18552 [internal.py:wandb_internal():174] Thread SenderThread:
Traceback (most recent call last):
  File "/home/lazarev/disk/lazarev/miniconda3/envs/ftcp/lib/python3.9/site-packages/wandb/sdk/internal/internal_util.py", line 49, in run
    self._run()
  File "/home/lazarev/disk/lazarev/miniconda3/envs/ftcp/lib/python3.9/site-packages/wandb/sdk/internal/internal_util.py", line 100, in _run
    self._process(record)
  File "/home/lazarev/disk/lazarev/miniconda3/envs/ftcp/lib/python3.9/site-packages/wandb/sdk/internal/internal.py", line 328, in _process
    self._sm.send(record)
  File "/home/lazarev/disk/lazarev/miniconda3/envs/ftcp/lib/python3.9/site-packages/wandb/sdk/internal/sender.py", line 382, in send
    send_handler(record)
  File "/home/lazarev/disk/lazarev/miniconda3/envs/ftcp/lib/python3.9/site-packages/wandb/sdk/internal/sender.py", line 404, in send_request
    send_handler(record)
  File "/home/lazarev/disk/lazarev/miniconda3/envs/ftcp/lib/python3.9/site-packages/wandb/sdk/internal/sender.py", line 677, in send_request_defer
    self._fs.finish(self._exit_code)
  File "/home/lazarev/disk/lazarev/miniconda3/envs/ftcp/lib/python3.9/site-packages/wandb/sdk/internal/file_stream.py", line 604, in finish
    raise self._exc_info[1].with_traceback(self._exc_info[2])
  File "/home/lazarev/disk/lazarev/miniconda3/envs/ftcp/lib/python3.9/site-packages/wandb/sdk/internal/file_stream.py", line 492, in _thread_except_body
    self._thread_body()
  File "/home/lazarev/disk/lazarev/miniconda3/envs/ftcp/lib/python3.9/site-packages/wandb/sdk/internal/file_stream.py", line 448, in _thread_body
    success = self._send(ready_chunks, uploaded=uploaded)
  File "/home/lazarev/disk/lazarev/miniconda3/envs/ftcp/lib/python3.9/site-packages/wandb/sdk/internal/file_stream.py", line 537, in _send
    self._handle_response(
  File "/home/lazarev/disk/lazarev/miniconda3/envs/ftcp/lib/python3.9/site-packages/wandb/sdk/internal/file_stream.py", line 503, in _handle_response
    wandb.termerror(
  File "/home/lazarev/disk/lazarev/miniconda3/envs/ftcp/lib/python3.9/site-packages/wandb/errors/term.py", line 61, in termerror
    _log(
  File "/home/lazarev/disk/lazarev/miniconda3/envs/ftcp/lib/python3.9/site-packages/wandb/errors/term.py", line 95, in _log
    click.echo(line, file=sys.stderr, nl=newline)
  File "/home/lazarev/disk/lazarev/miniconda3/envs/ftcp/lib/python3.9/site-packages/click/utils.py", line 299, in echo
    file.write(out)  # type: ignore
BrokenPipeError: [Errno 32] Broken pipe
